\BOOKMARK [1][-]{section.1}{\376\377\004\036\004\061\004\067\004\076\004\100\000\040\004\036\004\041\000\040\000U\000N\000I\000X\000:\000\040\004\060\004\100\004\105\004\070\004\102\004\065\004\072\004\102\004\103\004\100\004\060\000,\000\040\004\062\004\105\004\076\004\064\000\040\004\062\000\040\004\101\004\070\004\101\004\102\004\065\004\074\004\103\000,\000\040\004\104\004\060\004\071\004\073\004\113\000\040\004\070\000\040\004\072\004\060\004\102\004\060\004\073\004\076\004\063\004\070\000,\000\040\004\062\004\062\004\076\004\064\000\040\004\070\000\040\004\062\004\113\004\062\004\076\004\064\000.}{}% 1
\BOOKMARK [2][-]{subsection.1.1}{\376\377\004\020\004\100\004\105\004\070\004\102\004\065\004\072\004\102\004\103\004\100\004\060\000\040\000U\000N\000I\000X}{section.1}% 2
\BOOKMARK [3][-]{subsubsection.1.1.1}{\376\377\004\036\004\077\004\100\004\065\004\064\004\065\004\073\004\065\004\075\004\070\004\065\000\040\004\036\004\041}{subsection.1.1}% 3
\BOOKMARK [3][-]{subsubsection.1.1.2}{\376\377\004\030\004\075\004\102\004\065\004\100\004\104\004\065\004\101\000\040\004\117\004\064\004\100\004\060}{subsection.1.1}% 4
\BOOKMARK [3][-]{subsubsection.1.1.3}{\376\377\004\032\004\076\004\074\004\074\004\060\004\075\004\064\004\060\004\117\000\040\004\076\004\061\004\076\004\073\004\076\004\107\004\072\004\060}{subsection.1.1}% 5
\BOOKMARK [3][-]{subsubsection.1.1.4}{\376\377\004\036\004\061\004\076\004\061\004\111\004\065\004\075\004\070\004\065}{subsection.1.1}% 6
\BOOKMARK [3][-]{subsubsection.1.1.5}{\376\377\000L\000i\000n\000u\000x}{subsection.1.1}% 7
\BOOKMARK [3][-]{subsubsection.1.1.6}{\376\377\004\041\004\105\004\065\004\074\004\060\000,\000\040\004\076\004\102\004\100\004\060\004\066\004\060\004\116\004\111\004\060\004\117\000\040\004\101\004\102\004\100\004\103\004\072\004\102\004\103\004\100\004\103\000\040\000U\000N\000I\000X}{subsection.1.1}% 8
\BOOKMARK [2][-]{subsection.1.2}{\376\377\004\022\004\105\004\076\004\064\000\040\004\062\000\040\004\101\004\070\004\101\004\102\004\065\004\074\004\103}{section.1}% 9
\BOOKMARK [2][-]{subsection.1.3}{\376\377\004\044\004\060\004\071\004\073\004\113\000\040\004\070\000\040\004\072\004\060\004\102\004\060\004\073\004\076\004\063\004\070}{section.1}% 10
\BOOKMARK [3][-]{subsubsection.1.3.1}{\376\377\004\044\004\060\004\071\004\073\004\076\004\062\004\060\004\117\000\040\004\101\004\070\004\101\004\102\004\065\004\074\004\060}{subsection.1.3}% 11
\BOOKMARK [3][-]{subsubsection.1.3.2}{\376\377\004\030\004\074\004\117\000\040\004\104\004\060\004\071\004\073\004\060}{subsection.1.3}% 12
\BOOKMARK [3][-]{subsubsection.1.3.3}{\376\377\004\037\004\103\004\102\004\114\000\040\004\072\000\040\004\104\004\060\004\071\004\073\004\103}{subsection.1.3}% 13
\BOOKMARK [3][-]{subsubsection.1.3.4}{\376\377\004\040\004\060\004\061\004\076\004\107\004\070\004\071\000\040\004\072\004\060\004\102\004\060\004\073\004\076\004\063}{subsection.1.3}% 14
\BOOKMARK [3][-]{subsubsection.1.3.5}{\376\377\004\024\004\076\004\074\004\060\004\110\004\075\004\070\004\071\000\040\004\072\004\060\004\102\004\060\004\073\004\076\004\063}{subsection.1.3}% 15
\BOOKMARK [2][-]{subsection.1.4}{\376\377\004\022\004\062\004\076\004\064\000\040\004\070\000\040\004\062\004\113\004\062\004\076\004\064}{section.1}% 16
\BOOKMARK [3][-]{subsubsection.1.4.1}{\376\377\004\024\004\065\004\101\004\072\004\100\004\070\004\077\004\102\004\076\004\100\004\113\000\040\004\104\004\060\004\071\004\073\004\076\004\062}{subsection.1.4}% 17
\BOOKMARK [3][-]{subsubsection.1.4.2}{\376\377\004\041\004\102\004\060\004\075\004\064\004\060\004\100\004\102\004\075\004\113\004\071\000\040\004\062\004\062\004\076\004\064\000,\000\040\004\101\004\102\004\060\004\075\004\064\004\060\004\100\004\102\004\075\004\113\004\071\000\040\004\062\004\113\004\062\004\076\004\064\000,\000C\004\102\004\060\004\075\004\064\004\060\004\100\004\102\004\075\004\113\004\071\000\040\004\062\004\113\004\062\004\076\004\064\000\040\004\101\004\076\004\076\004\061\004\111\004\065\004\075\004\070\004\071\000\040\004\076\004\061\000\040\004\076\004\110\004\070\004\061\004\072\004\060\004\105}{subsection.1.4}% 18
\BOOKMARK [3][-]{subsubsection.1.4.3}{\376\377\004\035\004\065\004\061\004\103\004\104\004\065\004\100\004\070\004\067\004\076\004\062\004\060\004\075\004\075\004\113\004\071\000\040\004\062\004\062\004\076\004\064\000-\004\062\004\113\004\062\004\076\004\064}{subsection.1.4}% 19
\BOOKMARK [3][-]{subsubsection.1.4.4}{\376\377\004\041\004\102\004\060\004\075\004\064\004\060\004\100\004\102\004\075\004\113\004\065\000\040\004\104\004\103\004\075\004\072\004\106\004\070\004\070\000\040\004\062\004\062\004\076\004\064\004\060\000-\004\062\004\113\004\062\004\076\004\064\004\060}{subsection.1.4}% 20
\BOOKMARK [1][-]{section.2}{\376\377\004\036\004\061\004\067\004\076\004\100\000\040\004\036\004\041\000\040\000U\000N\000I\000X\000:\000\040\004\077\004\100\004\076\004\063\004\100\004\060\004\074\004\074\004\113\000\040\004\070\000\040\004\077\004\100\004\076\004\106\004\065\004\101\004\101\004\113\000,\000\040\004\076\004\061\004\100\004\060\004\061\004\076\004\102\004\072\004\060\000\040\004\076\004\110\004\070\004\061\004\076\004\072\000,\000\040\004\070\004\064\004\065\004\075\004\102\004\070\004\104\004\070\004\072\004\060\004\106\004\070\004\117\000\040\004\077\004\076\004\073\004\114\004\067\004\076\004\062\004\060\004\102\004\065\004\073\004\117\000.}{}% 21
\BOOKMARK [2][-]{subsection.2.1}{\376\377\004\037\004\100\004\076\004\063\004\100\004\060\004\074\004\074\004\113\000\040\004\070\000\040\004\077\004\100\004\076\004\106\004\065\004\101\004\101\004\113}{section.2}% 22
\BOOKMARK [3][-]{subsubsection.2.1.1}{\376\377\004\037\004\100\004\076\004\063\004\100\004\060\004\074\004\074\004\060}{subsection.2.1}% 23
\BOOKMARK [3][-]{subsubsection.2.1.2}{\376\377\004\037\004\100\004\076\004\106\004\065\004\101\004\101\004\113\000\040\004\070\000\040\004\070\004\064\004\065\004\075\004\102\004\070\004\104\004\070\004\072\004\060\004\102\004\076\004\100\004\113\000\040\004\077\004\100\004\076\004\106\004\065\004\101\004\101\004\076\004\062}{subsection.2.1}% 24
\BOOKMARK [3][-]{subsubsection.2.1.3}{\376\377\000g\000e\000t\000p\000i\000d\000\050\000\051}{subsection.2.1}% 25
\BOOKMARK [3][-]{subsubsection.2.1.4}{\376\377\004\043\004\077\004\100\004\060\004\062\004\073\004\065\004\075\004\070\004\065\000\040\004\077\004\100\004\076\004\106\004\065\004\101\004\101\004\060\004\074\004\070}{subsection.2.1}% 26
\BOOKMARK [2][-]{subsection.2.2}{\376\377\004\036\004\061\004\100\004\060\004\061\004\076\004\102\004\072\004\060\000\040\004\076\004\110\004\070\004\061\004\076\004\072}{section.2}% 27
\BOOKMARK [3][-]{subsubsection.2.2.1}{\376\377\000e\000r\000r\000n\000o}{subsection.2.2}% 28
\BOOKMARK [3][-]{subsubsection.2.2.2}{\376\377\004\022\004\113\004\062\004\076\004\064\000\040\004\101\004\076\004\076\004\061\004\111\004\065\004\075\004\070\004\117\000\040\004\076\004\061\000\040\004\076\004\110\004\070\004\061\004\072\004\065}{subsection.2.2}% 29
\BOOKMARK [3][-]{subsubsection.2.2.3}{\376\377\004\022\004\076\004\101\004\101\004\102\004\060\004\075\004\076\004\062\004\073\004\065\004\075\004\070\004\065\000\040\004\077\004\076\004\101\004\073\004\065\000\040\004\076\004\110\004\070\004\061\004\076\004\072}{subsection.2.2}% 30
\BOOKMARK [2][-]{subsection.2.3}{\376\377\004\030\004\064\004\065\004\075\004\102\004\070\004\104\004\070\004\072\004\060\004\106\004\070\004\117\000\040\004\077\004\076\004\073\004\114\004\067\004\076\004\062\004\060\004\102\004\065\004\073\004\117}{section.2}% 31
\BOOKMARK [3][-]{subsubsection.2.3.1}{\376\377\004\030\004\064\004\065\004\075\004\102\004\070\004\104\004\070\004\072\004\060\004\102\004\076\004\100\000\040\004\077\004\076\004\073\004\114\004\067\004\076\004\062\004\060\004\102\004\065\004\073\004\117}{subsection.2.3}% 32
\BOOKMARK [3][-]{subsubsection.2.3.2}{\376\377\004\030\004\064\004\065\004\075\004\102\004\070\004\104\004\070\004\072\004\060\004\102\004\076\004\100\000\040\004\063\004\100\004\103\004\077\004\077\004\113}{subsection.2.3}% 33
\BOOKMARK [1][-]{section.3}{\376\377\004\036\004\061\004\067\004\076\004\100\000\040\004\036\004\041\000\040\000U\000N\000I\000X\000:\000\040\004\101\004\070\004\063\004\075\004\060\004\073\004\113\000,\000\040\004\077\004\100\004\065\004\064\004\101\004\102\004\060\004\062\004\073\004\065\004\075\004\070\004\065\000\040\004\062\004\100\004\065\004\074\004\065\004\075\004\070\000,\000\040\004\101\004\070\004\101\004\102\004\065\004\074\004\075\004\113\004\065\000\040\004\062\004\113\004\067\004\076\004\062\004\113\000\040\004\070\000\040\004\061\004\070\004\061\004\073\004\070\004\076\004\102\004\065\004\107\004\075\004\113\004\065\000\040\004\104\004\103\004\075\004\072\004\106\004\070\004\070\000.}{}% 34
\BOOKMARK [2][-]{subsection.3.1}{\376\377\004\041\004\070\004\063\004\075\004\060\004\073\004\113}{section.3}% 35
\BOOKMARK [2][-]{subsection.3.2}{\376\377\004\037\004\100\004\065\004\064\004\101\004\102\004\060\004\062\004\073\004\065\004\075\004\070\004\065\000\040\004\062\004\100\004\065\004\074\004\065\004\075\004\070}{section.3}% 36
\BOOKMARK [2][-]{subsection.3.3}{\376\377\004\041\004\070\004\101\004\102\004\065\004\074\004\075\004\113\004\065\000\040\004\062\004\113\004\067\004\076\004\062\004\113\000\040\004\070\000\040\004\061\004\070\004\061\004\073\004\070\004\076\004\102\004\065\004\107\004\075\004\113\004\065\000\040\004\104\004\103\004\075\004\072\004\106\004\070\004\070}{section.3}% 37
\BOOKMARK [1][-]{section.4}{\376\377\004\041\004\102\004\060\004\075\004\064\004\060\004\100\004\102\004\113\000\040\004\070\000\040\004\100\004\065\004\060\004\073\004\070\004\067\004\060\004\106\004\070\004\070\000\040\004\036\004\041\000\040\000U\000N\000I\000X\000:\000\040\004\077\004\100\004\065\004\064\004\065\004\073\004\113\000\040\000I\000S\000O\000\040\000C\000,\000\040\004\077\004\100\004\065\004\064\004\065\004\073\004\113\000\040\000P\000O\000S\000I\000X\000,\000\040\004\104\004\103\004\075\004\072\004\106\004\070\004\070\000\040\000s\000y\000s\000c\000o\000n\000f\000\050\000\051\000,\000\040\000p\000a\000t\000h\000c\000o\000n\000f\000\050\000\051\000\040\004\070\000\040\000f\000p\000a\000t\000h\000c\000o\000n\000f\000\050\000\051\000,\000\040\004\115\004\073\004\065\004\074\004\065\004\075\004\102\004\060\004\100\004\075\004\113\004\065\000\040\004\101\004\070\004\101\004\102\004\065\004\074\004\075\004\113\004\065\000\040\004\102\004\070\004\077\004\113\000\040\004\064\004\060\004\075\004\075\004\113\004\105\000.}{}% 38
\BOOKMARK [2][-]{subsection.4.1}{\376\377\004\041\004\102\004\060\004\075\004\064\004\060\004\100\004\102\004\070\004\067\004\060\004\106\004\070\004\117\000\040\000U\000N\000I\000X}{section.4}% 39
\BOOKMARK [3][-]{subsubsection.4.1.1}{\376\377\000I\000S\000O\000\040\000C}{subsection.4.1}% 40
\BOOKMARK [3][-]{subsubsection.4.1.2}{\376\377\000I\000E\000E\000E\000\040\000P\000O\000S\000I\000X}{subsection.4.1}% 41
\BOOKMARK [3][-]{subsubsection.4.1.3}{\376\377\000S\000i\000n\000g\000l\000e\000\040\000U\000N\000I\000X\000\040\000S\000p\000e\000c\000i\000f\000i\000c\000a\000t\000i\000o\000n}{subsection.4.1}% 42
\BOOKMARK [3][-]{subsubsection.4.1.4}{\376\377\000F\000I\000P\000S}{subsection.4.1}% 43
\BOOKMARK [2][-]{subsection.4.2}{\376\377\004\040\004\065\004\060\004\073\004\070\004\067\004\060\004\106\004\070\004\070\000\040\000U\000N\000I\000X}{section.4}% 44
\BOOKMARK [3][-]{subsubsection.4.2.1}{\376\377\000U\000N\000I\000X\000\040\000S\000y\000s\000t\000e\000m\000\040\000V\000\040\000R\000e\000l\000e\000a\000s\000e\000\040\0004}{subsection.4.2}% 45
\BOOKMARK [3][-]{subsubsection.4.2.2}{\376\377\0004\000.\0004\000B\000S\000D}{subsection.4.2}% 46
\BOOKMARK [3][-]{subsubsection.4.2.3}{\376\377\000F\000r\000e\000e\000B\000S\000D}{subsection.4.2}% 47
\BOOKMARK [3][-]{subsubsection.4.2.4}{\376\377\000L\000i\000n\000u\000x}{subsection.4.2}% 48
\BOOKMARK [3][-]{subsubsection.4.2.5}{\376\377\000M\000a\000c\000\040\000O\000S\000\040\000X}{subsection.4.2}% 49
\BOOKMARK [3][-]{subsubsection.4.2.6}{\376\377\000S\000o\000l\000a\000r\000i\000s}{subsection.4.2}% 50
\BOOKMARK [3][-]{subsubsection.4.2.7}{\376\377\004\037\004\100\004\076\004\107\004\070\004\065\000\040\004\062\004\065\004\100\004\101\004\070\004\070\000\040\000U\000N\000I\000X}{subsection.4.2}% 51
\BOOKMARK [2][-]{subsection.4.3}{\376\377\004\037\004\100\004\065\004\064\004\065\004\073\004\113\000\040\000I\000S\000O\000\040\000C}{section.4}% 52
\BOOKMARK [2][-]{subsection.4.4}{\376\377\004\037\004\100\004\065\004\064\004\065\004\073\004\113\000\040\000P\000O\000S\000I\000X}{section.4}% 53
\BOOKMARK [2][-]{subsection.4.5}{\376\377\004\044\004\103\004\075\004\072\004\106\004\070\004\070\000\040\000s\000y\000s\000c\000o\000n\000f\000,\000\040\000p\000a\000t\000h\000c\000o\000n\000f\000\040\004\070\000\040\000f\000p\000a\000t\000h\000c\000o\000n\000f}{section.4}% 54
\BOOKMARK [2][-]{subsection.4.6}{\376\377\004\055\004\073\004\065\004\074\004\065\004\075\004\102\004\060\004\100\004\075\004\113\004\065\000\040\004\101\004\070\004\101\004\102\004\065\004\074\004\075\004\113\004\065\000\040\004\102\004\070\004\077\004\113\000\040\004\064\004\060\004\075\004\075\004\113\004\105}{section.4}% 55
\BOOKMARK [1][-]{section.5}{\376\377\004\044\004\060\004\071\004\073\004\076\004\062\004\113\004\071\000\040\004\062\004\062\004\076\004\064\000-\004\062\004\113\004\062\004\076\004\064\000:\000\040\004\064\004\065\004\101\004\072\004\100\004\070\004\077\004\102\004\076\004\100\004\113\000\040\004\104\004\060\004\071\004\073\004\076\004\062\000,\000\040\004\104\004\103\004\075\004\072\004\106\004\070\004\117\000\040\000o\000p\000e\000n\000\050\000\051\000,\000\040\004\104\004\103\004\075\004\072\004\106\004\070\004\117\000\040\000c\000r\000e\000a\000t\000\050\000\051\000,\000\040\004\104\004\103\004\075\004\072\004\106\004\070\004\117\000\040\000c\000l\000o\000s\000e\000\050\000\051\000.}{}% 56
\BOOKMARK [2][-]{subsection.5.1}{\376\377\004\024\004\065\004\101\004\072\004\100\004\070\004\077\004\102\004\076\004\100\004\113\000\040\004\104\004\060\004\071\004\073\004\076\004\062}{section.5}% 57
\BOOKMARK [2][-]{subsection.5.2}{\376\377\004\044\004\103\004\075\004\072\004\106\004\070\004\070\000\040\000o\000p\000e\000n\000\040\004\070\000\040\000o\000p\000e\000n\000a\000t}{section.5}% 58
\BOOKMARK [3][-]{subsubsection.5.2.1}{\376\377\004\037\004\060\004\100\004\060\004\074\004\065\004\102\004\100\000\040\000f\000d\000\040\004\062\000\040\004\104\004\103\004\075\004\072\004\106\004\070\004\070\000\040\000o\000p\000e\000n\000a\000t}{subsection.5.2}% 59
\BOOKMARK [2][-]{subsection.5.3}{\376\377\004\044\004\103\004\075\004\072\004\106\004\070\004\117\000\040\000c\000r\000e\000a\000t}{section.5}% 60
\BOOKMARK [2][-]{subsection.5.4}{\376\377\004\044\004\103\004\075\004\072\004\106\004\070\004\117\000\040\000c\000l\000o\000s\000e}{section.5}% 61
\BOOKMARK [1][-]{section.6}{\376\377\004\044\004\060\004\071\004\073\004\076\004\062\004\113\004\071\000\040\004\062\004\062\004\076\004\064\000-\004\062\004\113\004\062\004\076\004\064\000:\000\040\004\044\004\103\004\075\004\072\004\106\004\070\004\117\000\040\000l\000s\000e\000e\000k\000\050\000\051\000,\000\040\004\104\004\103\004\075\004\072\004\106\004\070\004\117\000\040\000r\000e\000a\000d\000\050\000\051\000,\000\040\004\104\004\103\004\075\004\072\004\106\004\070\004\117\000\040\000w\000r\000i\000t\000e\000\050\000\051}{}% 62
\BOOKMARK [2][-]{subsection.6.1}{\376\377\004\044\004\103\004\075\004\072\004\106\004\070\004\117\000\040\000l\000s\000e\000e\000k}{section.6}% 63
\BOOKMARK [2][-]{subsection.6.2}{\376\377\004\044\004\103\004\075\004\072\004\106\004\070\004\117\000\040\000r\000e\000a\000d}{section.6}% 64
\BOOKMARK [2][-]{subsection.6.3}{\376\377\004\044\004\103\004\075\004\072\004\106\004\070\004\117\000\040\000w\000r\000i\000t\000e}{section.6}% 65
\BOOKMARK [1][-]{section.7}{\376\377\004\044\004\060\004\071\004\073\004\076\004\062\004\113\004\071\000\040\004\062\004\062\004\076\004\064\000-\004\062\004\113\004\062\004\076\004\064\000:\000\040\004\115\004\104\004\104\004\065\004\072\004\102\004\070\004\062\004\075\004\076\004\101\004\102\004\114\000\040\004\076\004\077\004\065\004\100\004\060\004\106\004\070\004\071\000\040\004\062\004\062\004\076\004\064\004\060\000-\004\062\004\113\004\062\004\076\004\064\004\060}{}% 66
\BOOKMARK [1][-]{section.8}{\376\377\004\044\004\060\004\071\004\073\004\076\004\062\004\113\004\071\000\040\004\062\004\062\004\076\004\064\000-\004\062\004\113\004\062\004\076\004\064\000:\000\040\004\101\004\076\004\062\004\074\004\065\004\101\004\102\004\075\004\076\004\065\000\040\004\070\004\101\004\077\004\076\004\073\004\114\004\067\004\076\004\062\004\060\004\075\004\070\004\065\000\040\004\104\004\060\004\071\004\073\004\076\004\062\000,\000\040\004\060\004\102\004\076\004\074\004\060\004\100\004\075\004\113\004\065\000\040\004\076\004\077\004\065\004\100\004\060\004\106\004\070\004\070\000,\000\040\004\104\004\103\004\075\004\072\004\106\004\070\004\070\000\040\000d\000u\000p\000\050\000\051\000\040\004\070\000\040\000d\000u\000p\0002\000\050\000\051}{}% 67
\BOOKMARK [2][-]{subsection.8.1}{\376\377\004\041\004\076\004\062\004\074\004\065\004\101\004\102\004\075\004\076\004\065\000\040\004\070\004\101\004\077\004\076\004\073\004\114\004\067\004\076\004\062\004\060\004\075\004\070\004\065\000\040\004\104\004\060\004\071\004\073\004\076\004\062}{section.8}% 68
\BOOKMARK [2][-]{subsection.8.2}{\376\377\004\020\004\102\004\076\004\074\004\060\004\100\004\075\004\113\004\065\000\040\004\076\004\077\004\065\004\100\004\060\004\106\004\070\004\070}{section.8}% 69
\BOOKMARK [3][-]{subsubsection.8.2.1}{\376\377\004\024\004\076\004\061\004\060\004\062\004\073\004\065\004\075\004\070\004\065\000\040\004\064\004\060\004\075\004\075\004\113\004\105\000\040\004\062\000\040\004\072\004\076\004\075\004\065\004\106\000\040\004\104\004\060\004\071\004\073\004\060}{subsection.8.2}% 70
\BOOKMARK [3][-]{subsubsection.8.2.2}{\376\377\004\044\004\103\004\075\004\072\004\106\004\070\004\070\000\040\000p\000r\000e\000a\000d\000\040\004\070\000\040\000p\000w\000r\000i\000t\000e}{subsection.8.2}% 71
\BOOKMARK [3][-]{subsubsection.8.2.3}{\376\377\004\041\004\076\004\067\004\064\004\060\004\075\004\070\004\065\000\040\004\104\004\060\004\071\004\073\004\060}{subsection.8.2}% 72
\BOOKMARK [2][-]{subsection.8.3}{\376\377\004\044\004\103\004\075\004\072\004\106\004\070\004\070\000\040\000d\000u\000p\000\040\004\070\000\040\000d\000u\000p\0002}{section.8}% 73
\BOOKMARK [1][-]{section.9}{\376\377\004\044\004\060\004\071\004\073\004\076\004\062\004\113\004\071\000\040\004\062\004\062\004\076\004\064\000-\004\062\004\113\004\062\004\076\004\064\000:\000\040\004\104\004\103\004\075\004\072\004\106\004\070\004\070\000\040\000s\000y\000n\000c\000\050\000\051\000,\000\040\000f\000s\000y\000n\000c\000\050\000\051\000,\000\040\000f\000d\000a\000t\000a\000s\000y\000n\000c\000\050\000\051\000,\000\040\000f\000c\000n\000t\000l\000\050\000\051\000,\000\040\000i\000o\000c\000t\000l\000\050\000\051\000,\000\040\000/\000d\000e\000v\000/\000f\000d}{}% 74
\BOOKMARK [2][-]{subsection.9.1}{\376\377\004\044\004\103\004\075\004\072\004\106\004\070\004\070\000\040\000s\000y\000n\000c\000,\000\040\000f\000s\000y\000n\000c\000\040\004\070\000\040\000f\000d\000a\000t\000a\000s\000y\000n\000c}{section.9}% 75
\BOOKMARK [2][-]{subsection.9.2}{\376\377\004\044\004\103\004\075\004\072\004\106\004\070\004\117\000\040\000f\000c\000n\000t\000l}{section.9}% 76
\BOOKMARK [2][-]{subsection.9.3}{\376\377\004\044\004\103\004\075\004\072\004\106\004\070\004\117\000\040\000i\000o\000c\000t\000l}{section.9}% 77
\BOOKMARK [2][-]{subsection.9.4}{\376\377\000/\000d\000e\000v\000/\000f\000d}{section.9}% 78
\BOOKMARK [1][-]{section.10}{\376\377\004\044\004\060\004\071\004\073\004\113\000\040\004\070\000\040\004\072\004\060\004\102\004\060\004\073\004\076\004\063\004\070\000:\000\040\004\104\004\103\004\075\004\072\004\106\004\070\004\070\000\040\000s\000t\000a\000t\000\050\000\051\000,\000\040\000f\000s\000t\000a\000t\000\050\000\051\000,\000\040\000l\000s\000t\000a\000t\000\050\000\051\000,\000\040\004\101\004\076\004\064\004\065\004\100\004\066\004\070\004\074\004\076\004\065\000\040\000s\000t\000r\000u\000c\000t\000\040\000s\000t\000a\000t\000.}{}% 79
\BOOKMARK [1][-]{section.11}{\376\377\004\044\004\060\004\071\004\073\004\113\000\040\004\070\000\040\004\072\004\060\004\102\004\060\004\073\004\076\004\063\004\070\000:\000\040\004\102\004\070\004\077\004\113\000\040\004\104\004\060\004\071\004\073\004\076\004\062\000,\000\040\004\077\004\100\004\060\004\062\004\060\000\040\004\064\004\076\004\101\004\102\004\103\004\077\004\060\000\040\004\072\000\040\004\104\004\060\004\071\004\073\004\103\000,\000\040\004\104\004\103\004\075\004\072\004\106\004\070\004\117\000\040\000u\000m\000a\000s\000k\000\050\000\051\000.}{}% 80
\BOOKMARK [2][-]{subsection.11.1}{\376\377\004\042\004\070\004\077\004\113\000\040\004\104\004\060\004\071\004\073\004\076\004\062}{section.11}% 81
\BOOKMARK [2][-]{subsection.11.2}{\376\377\004\037\004\100\004\060\004\062\004\060\000\040\004\064\004\076\004\101\004\102\004\103\004\077\004\060\000\040\004\072\000\040\004\104\004\060\004\071\004\073\004\103}{section.11}% 82
\BOOKMARK [2][-]{subsection.11.3}{\376\377\004\044\004\103\004\075\004\072\004\106\004\070\004\117\000\040\000u\000m\000a\000s\000k}{section.11}% 83
\BOOKMARK [1][-]{section.12}{\376\377\004\044\004\060\004\071\004\073\004\113\000\040\004\070\000\040\004\072\004\060\004\102\004\060\004\073\004\076\004\063\004\070\000:\000\040\004\104\004\103\004\075\004\072\004\106\004\070\004\070\000\040\000c\000h\000m\000o\000d\000\050\000\051\000,\000\040\000f\000c\000h\000m\000o\000d\000\050\000\051\000,\000\040\000c\000h\000o\000w\000n\000\050\000\051\000,\000\040\000f\000c\000h\000o\000w\000n\000\050\000\051\000,\000\040\000l\000c\000h\000o\000w\000n\000\050\000\051\000.}{}% 84
\BOOKMARK [2][-]{subsection.12.1}{\376\377\004\044\004\103\004\075\004\072\004\106\004\070\004\070\000\040\000c\000h\000m\000o\000d\000,\000\040\000f\000c\000h\000m\000o\000d}{section.12}% 85
\BOOKMARK [2][-]{subsection.12.2}{\376\377\004\044\004\103\004\075\004\072\004\106\004\070\004\070\000\040\000c\000h\000o\000w\000n\000,\000\040\000f\000c\000h\000o\000w\000n\000,\000\040\000l\000c\000h\000o\000w\000n}{section.12}% 86
\BOOKMARK [1][-]{section.13}{\376\377\004\044\004\060\004\071\004\073\004\113\000\040\004\070\000\040\004\072\004\060\004\102\004\060\004\073\004\076\004\063\004\070\000:\000\040\004\100\004\060\004\067\004\074\004\065\004\100\000\040\004\104\004\060\004\071\004\073\004\060\000,\000\040\004\064\004\113\004\100\004\072\004\070\000\040\004\062\000\040\004\104\004\060\004\071\004\073\004\060\004\105\000,\000\040\004\103\004\101\004\065\004\107\004\065\004\075\004\070\004\065\000\040\004\104\004\060\004\071\004\073\004\076\004\062\000,\000\040\004\104\004\060\004\071\004\073\004\076\004\062\004\113\004\065\000\040\004\101\004\070\004\101\004\102\004\065\004\074\004\113\000,\000\040\004\104\004\103\004\075\004\072\004\106\004\070\004\070\000\040\000l\000i\000n\000k\000\050\000\051\000,\000\040\000u\000n\000l\000i\000n\000k\000\050\000\051\000,\000\040\000r\000e\000m\000o\000v\000e\000\050\000\051\000,\000\040\000r\000e\000n\000a\000m\000e\000\050\000\051\000.}{}% 87
\BOOKMARK [2][-]{subsection.13.1}{\376\377\004\040\004\060\004\067\004\074\004\065\004\100\000\040\004\104\004\060\004\071\004\073\004\060}{section.13}% 88
\BOOKMARK [2][-]{subsection.13.2}{\376\377\004\024\004\113\004\100\004\072\004\070\000\040\004\062\000\040\004\104\004\060\004\071\004\073\004\060\004\105}{section.13}% 89
\BOOKMARK [2][-]{subsection.13.3}{\376\377\004\043\004\101\004\065\004\107\004\065\004\075\004\070\004\065\000\040\004\104\004\060\004\071\004\073\004\076\004\062}{section.13}% 90
\BOOKMARK [2][-]{subsection.13.4}{\376\377\004\044\004\060\004\071\004\073\004\076\004\062\004\113\004\065\000\040\004\101\004\070\004\101\004\102\004\065\004\074\004\113}{section.13}% 91
\BOOKMARK [3][-]{subsubsection.13.4.1}{\376\377\000l\000i\000n\000k\000,\000\040\000u\000n\000l\000i\000n\000k}{subsection.13.4}% 92
\BOOKMARK [3][-]{subsubsection.13.4.2}{\376\377\000r\000e\000m\000o\000v\000e}{subsection.13.4}% 93
\BOOKMARK [3][-]{subsubsection.13.4.3}{\376\377\000r\000e\000n\000a\000m\000e}{subsection.13.4}% 94
\BOOKMARK [1][-]{section.14}{\376\377\004\044\004\060\004\071\004\073\004\113\000\040\004\070\000\040\004\072\004\060\004\102\004\060\004\073\004\076\004\063\004\070\000:\000\040\004\101\004\070\004\074\004\062\004\076\004\073\004\070\004\107\004\065\004\101\004\072\004\070\004\065\000\040\004\101\004\101\004\113\004\073\004\072\004\070\000,\000\040\004\104\004\103\004\075\004\072\004\106\004\070\004\070\000\040\000s\000y\000m\000l\000i\000n\000k\000\050\000\051\000\040\004\070\000\040\000r\000e\000a\000d\000l\000i\000n\000k\000\050\000\051\000.}{}% 95
\BOOKMARK [2][-]{subsection.14.1}{\376\377\004\041\004\070\004\074\004\062\004\076\004\073\004\070\004\107\004\065\004\101\004\072\004\070\004\065\000\040\004\101\004\101\004\113\004\073\004\072\004\070}{section.14}% 96
\BOOKMARK [2][-]{subsection.14.2}{\376\377\000s\000y\000m\000l\000i\000n\000k\000\050\000\051}{section.14}% 97
\BOOKMARK [2][-]{subsection.14.3}{\376\377\000r\000e\000a\000d\000l\000i\000n\000k\000\050\000\051}{section.14}% 98
\BOOKMARK [1][-]{section.15}{\376\377\004\044\004\060\004\071\004\073\004\113\000\040\004\070\000\040\004\072\004\060\004\102\004\060\004\073\004\076\004\063\004\070\000:\000\040\004\062\004\100\004\065\004\074\004\065\004\075\004\075\004\113\004\065\000\040\004\105\004\060\004\100\004\060\004\072\004\102\004\065\004\100\004\070\004\101\004\102\004\070\004\072\004\070\000\040\004\104\004\060\004\071\004\073\004\076\004\062\000,\000\040\004\104\004\103\004\075\004\072\004\106\004\070\004\117\000\040\000u\000t\000i\000m\000e\000\050\000\051\000.}{}% 99
\BOOKMARK [2][-]{subsection.15.1}{\376\377\004\022\004\100\004\065\004\074\004\065\004\075\004\075\004\113\004\065\000\040\004\105\004\060\004\100\004\060\004\072\004\102\004\065\004\100\004\070\004\101\004\102\004\070\004\072\004\070\000\040\004\104\004\060\004\071\004\073\004\076\004\062}{section.15}% 100
\BOOKMARK [2][-]{subsection.15.2}{\376\377\000u\000t\000i\000m\000e\000\050\000\051}{section.15}% 101
\BOOKMARK [1][-]{section.16}{\376\377\004\044\004\060\004\071\004\073\004\113\000\040\004\070\000\040\004\072\004\060\004\102\004\060\004\073\004\076\004\063\004\070\000:\000\040\004\104\004\103\004\075\004\072\004\106\004\070\004\070\000\040\000m\000k\000d\000i\000r\000\050\000\051\000\040\004\070\000\040\000r\000m\000d\000i\000r\000\050\000\051\000,\000\040\004\107\004\102\004\065\004\075\004\070\004\065\000\040\004\072\004\060\004\102\004\060\004\073\004\076\004\063\004\076\004\062\000,\000\040\004\104\004\103\004\075\004\072\004\106\004\070\004\070\000\040\000c\000h\000d\000i\000r\000\050\000\051\000,\000\040\000f\000c\000h\000d\000i\000r\000\050\000\051\000,\000\040\000g\000e\000t\000c\000w\000d\000\050\000\051\000.}{}% 102
\BOOKMARK [2][-]{subsection.16.1}{\376\377\000m\000k\000d\000i\000r\000\050\000\051}{section.16}% 103
\BOOKMARK [2][-]{subsection.16.2}{\376\377\000r\000m\000d\000i\000r\000\050\000\051}{section.16}% 104
\BOOKMARK [2][-]{subsection.16.3}{\376\377\004\047\004\102\004\065\004\075\004\070\004\065\000\040\004\072\004\060\004\102\004\060\004\073\004\076\004\063\004\076\004\062}{section.16}% 105
\BOOKMARK [2][-]{subsection.16.4}{\376\377\004\040\004\060\004\061\004\076\004\107\004\070\004\071\000\040\004\072\004\060\004\102\004\060\004\073\004\076\004\063}{section.16}% 106
\BOOKMARK [3][-]{subsubsection.16.4.1}{\376\377\000c\000h\000d\000i\000r\000\050\000\051\000,\000\040\000f\000c\000h\000d\000i\000r\000\050\000\051}{subsection.16.4}% 107
\BOOKMARK [1][-]{section.17}{\376\377\004\041\004\102\004\060\004\075\004\064\004\060\004\100\004\102\004\075\004\060\004\117\000\040\004\061\004\070\004\061\004\073\004\070\004\076\004\102\004\065\004\072\004\060\000\040\004\062\004\062\004\076\004\064\004\060\000-\004\062\004\113\004\062\004\076\004\064\004\060\000:\000\040\004\077\004\076\004\102\004\076\004\072\004\070\000\040\004\070\000\040\004\076\004\061\004\112\004\065\004\072\004\102\004\113\000\040\000F\000I\000L\000E\000,\000\040\004\101\004\102\004\060\004\075\004\064\004\060\004\100\004\102\004\075\004\113\004\065\000\040\004\077\004\076\004\102\004\076\004\072\004\070\000\040\004\062\004\062\004\076\004\064\004\060\000,\000\040\004\062\004\113\004\062\004\076\004\064\004\060\000\040\004\070\000\040\004\101\004\076\004\076\004\061\004\111\004\065\004\075\004\070\004\071\000\040\004\076\004\061\000\040\004\076\004\110\004\070\004\061\004\072\004\060\004\105\000,\000\040\004\061\004\103\004\104\004\065\004\100\004\070\004\067\004\060\004\106\004\070\004\117\000.}{}% 108
\BOOKMARK [2][-]{subsection.17.1}{\376\377\004\037\004\076\004\102\004\076\004\072\004\070\000\040\004\070\000\040\004\076\004\061\004\112\004\065\004\072\004\102\004\113\000\040\000F\000I\000L\000E}{section.17}% 109
\BOOKMARK [2][-]{subsection.17.2}{\376\377\004\041\004\102\004\060\004\075\004\064\004\060\004\100\004\102\004\075\004\113\004\065\000\040\004\077\004\076\004\102\004\076\004\072\004\070\000\040\004\062\004\062\004\076\004\064\004\060\000,\000\040\004\062\004\113\004\062\004\076\004\064\004\060\000\040\004\070\000\040\004\101\004\076\004\076\004\061\004\111\004\065\004\075\004\070\004\071\000\040\004\076\004\061\000\040\004\076\004\110\004\070\004\061\004\072\004\060\004\105}{section.17}% 110
\BOOKMARK [2][-]{subsection.17.3}{\376\377\004\021\004\103\004\104\004\065\004\100\004\070\004\067\004\060\004\106\004\070\004\117}{section.17}% 111
\BOOKMARK [1][-]{section.18}{\376\377\004\041\004\102\004\060\004\075\004\064\004\060\004\100\004\102\004\075\004\060\004\117\000\040\004\061\004\070\004\061\004\073\004\070\004\076\004\102\004\065\004\072\004\060\000\040\004\062\004\062\004\076\004\064\004\060\000-\004\062\004\113\004\062\004\076\004\064\004\060\000:\000\040\004\076\004\102\004\072\004\100\004\113\004\102\004\070\004\065\000\040\004\077\004\076\004\102\004\076\004\072\004\060\000,\000\040\004\107\004\102\004\065\004\075\004\070\004\065\000\040\004\070\004\067\000\040\004\077\004\076\004\102\004\076\004\072\004\060\000\040\004\070\000\040\004\067\004\060\004\077\004\070\004\101\004\114\000\040\004\062\000\040\004\077\004\076\004\102\004\076\004\072\000,\000\040\004\104\004\103\004\075\004\072\004\106\004\070\004\070\000\040\004\062\004\062\004\076\004\064\004\060\000,\000\040\004\104\004\103\004\075\004\072\004\106\004\070\004\070\000\040\004\062\004\113\004\062\004\076\004\064\004\060\000.}{}% 112
\BOOKMARK [2][-]{subsection.18.1}{\376\377\004\036\004\102\004\072\004\100\004\113\004\102\004\070\004\065\000\040\004\077\004\076\004\102\004\076\004\072\004\060}{section.18}% 113
\BOOKMARK [2][-]{subsection.18.2}{\376\377\004\047\004\102\004\065\004\075\004\070\004\065\000\040\004\070\004\067\000\040\004\077\004\076\004\102\004\076\004\072\004\060\000\040\004\070\000\040\004\067\004\060\004\077\004\070\004\101\004\114\000\040\004\062\000\040\004\077\004\076\004\102\004\076\004\072}{section.18}% 114
\BOOKMARK [2][-]{subsection.18.3}{\376\377\004\044\004\103\004\075\004\072\004\106\004\070\004\070\000\040\004\062\004\062\004\076\004\064\004\060}{section.18}% 115
\BOOKMARK [3][-]{subsubsection.18.3.1}{\376\377\004\037\004\076\004\101\004\070\004\074\004\062\004\076\004\073\004\114\004\075\004\113\004\071\000\040\004\062\004\062\004\076\004\064}{subsection.18.3}% 116
\BOOKMARK [3][-]{subsubsection.18.3.2}{\376\377\004\037\004\076\004\101\004\102\004\100\004\076\004\107\004\075\004\113\004\071\000\040\004\062\004\062\004\076\004\064}{subsection.18.3}% 117
\BOOKMARK [3][-]{subsubsection.18.3.3}{\376\377\004\037\004\100\004\117\004\074\004\076\004\071\000\040\004\062\004\062\004\076\004\064\000\040\000\050\004\064\004\062\004\076\004\070\004\107\004\075\004\113\004\065\000\040\004\064\004\060\004\075\004\075\004\113\004\065\000\051}{subsection.18.3}% 118
\BOOKMARK [2][-]{subsection.18.4}{\376\377\004\044\004\103\004\075\004\072\004\106\004\070\004\070\000\040\004\062\004\113\004\062\004\076\004\064\004\060}{section.18}% 119
\BOOKMARK [3][-]{subsubsection.18.4.1}{\376\377\004\037\004\076\004\101\004\070\004\074\004\062\004\076\004\073\004\114\004\075\004\113\004\071\000\040\004\062\004\113\004\062\004\076\004\064}{subsection.18.4}% 120
\BOOKMARK [3][-]{subsubsection.18.4.2}{\376\377\004\037\004\076\004\101\004\102\004\100\004\076\004\107\004\075\004\113\004\071\000\040\004\062\004\113\004\062\004\076\004\064}{subsection.18.4}% 121
\BOOKMARK [3][-]{subsubsection.18.4.3}{\376\377\004\037\004\100\004\117\004\074\004\076\004\071\000\040\004\062\004\113\004\062\004\076\004\064\000\040\000\050\004\064\004\062\004\076\004\070\004\107\004\075\004\113\004\065\000\040\004\064\004\060\004\075\004\075\004\113\004\065\000\051}{subsection.18.4}% 122
\BOOKMARK [1][-]{section.19}{\376\377\004\041\004\102\004\060\004\075\004\064\004\060\004\100\004\102\004\075\004\060\004\117\000\040\004\061\004\070\004\061\004\073\004\070\004\076\004\102\004\065\004\072\004\060\000\040\004\062\004\062\004\076\004\064\004\060\000-\004\062\004\113\004\062\004\076\004\064\004\060\000:\000\040\004\115\004\104\004\104\004\065\004\072\004\102\004\070\004\062\004\075\004\076\004\101\004\102\004\114\000\040\004\101\004\102\004\060\004\075\004\064\004\060\004\100\004\102\004\075\004\113\004\105\000\040\004\076\004\077\004\065\004\100\004\060\004\106\004\070\004\071\000\040\004\062\004\062\004\076\004\064\004\060\000-\004\062\004\113\004\062\004\076\004\064\004\060\000,\000\040\004\077\004\076\004\067\004\070\004\106\004\070\004\076\004\075\004\070\004\100\004\076\004\062\004\060\004\075\004\070\004\065\000\040\004\062\000\040\004\077\004\076\004\102\004\076\004\072\004\065\000.}{}% 123
\BOOKMARK [2][-]{subsection.19.1}{\376\377\004\055\004\104\004\104\004\065\004\072\004\102\004\070\004\062\004\075\004\076\004\101\004\102\004\114\000\040\004\101\004\102\004\060\004\075\004\064\004\060\004\100\004\102\004\075\004\113\004\105\000\040\004\104\004\103\004\075\004\072\004\106\004\070\004\071\000\040\004\062\004\062\004\076\004\064\004\060\000/\004\062\004\113\004\062\004\076\004\064\004\060}{section.19}% 124
\BOOKMARK [2][-]{subsection.19.2}{\376\377\004\037\004\076\004\067\004\070\004\106\004\070\004\076\004\075\004\070\004\100\004\076\004\062\004\060\004\075\004\070\004\065\000\040\004\062\000\040\004\077\004\076\004\102\004\076\004\072\004\065}{section.19}% 125
\BOOKMARK [1][-]{section.20}{\376\377\004\041\004\102\004\060\004\075\004\064\004\060\004\100\004\102\004\075\004\060\004\117\000\040\004\061\004\070\004\061\004\073\004\070\004\076\004\102\004\065\004\072\004\060\000\040\004\062\004\062\004\076\004\064\004\060\000-\004\062\004\113\004\062\004\076\004\064\004\060\000:\000\040\004\104\004\076\004\100\004\074\004\060\004\102\004\070\004\100\004\076\004\062\004\060\004\075\004\075\004\113\004\071\000\040\004\062\004\113\004\062\004\076\004\064\000,\000\040\004\104\004\076\004\100\004\074\004\060\004\102\004\070\004\100\004\076\004\062\004\060\004\075\004\075\004\113\004\071\000\040\004\062\004\062\004\076\004\064\000,\000\040\004\062\004\100\004\065\004\074\004\065\004\075\004\075\004\113\004\065\000\040\004\104\004\060\004\071\004\073\004\113\000.}{}% 126
\BOOKMARK [2][-]{subsection.20.1}{\376\377\004\044\004\076\004\100\004\074\004\060\004\102\004\070\004\100\004\076\004\062\004\060\004\075\004\075\004\113\004\071\000\040\004\062\004\062\004\076\004\064\000/\004\062\004\113\004\062\004\076\004\064}{section.20}% 127
\BOOKMARK [3][-]{subsubsection.20.1.1}{\376\377\004\044\004\076\004\100\004\074\004\060\004\102\004\070\004\100\004\076\004\062\004\060\004\075\004\075\004\113\004\071\000\040\004\062\004\113\004\062\004\076\004\064}{subsection.20.1}% 128
\BOOKMARK [3][-]{subsubsection.20.1.2}{\376\377\004\044\004\076\004\100\004\074\004\060\004\102\004\070\004\100\004\076\004\062\004\060\004\075\004\075\004\113\004\071\000\040\004\062\004\062\004\076\004\064}{subsection.20.1}% 129
\BOOKMARK [2][-]{subsection.20.2}{\376\377\004\022\004\100\004\065\004\074\004\065\004\075\004\075\004\113\004\065\000\040\004\104\004\060\004\071\004\073\004\113}{section.20}% 130
\BOOKMARK [1][-]{section.21}{\376\377\004\043\004\077\004\100\004\060\004\062\004\073\004\065\004\075\004\070\004\065\000\040\004\077\004\100\004\076\004\106\004\065\004\101\004\101\004\060\004\074\004\070\000:\000\040\004\070\004\064\004\065\004\075\004\102\004\070\004\104\004\070\004\072\004\060\004\102\004\076\004\100\004\113\000\040\004\077\004\100\004\076\004\106\004\065\004\101\004\101\004\060\000,\000\040\004\104\004\103\004\075\004\072\004\106\004\070\004\117\000\040\000f\000o\000r\000k\000\050\000\051\000,\000\040\004\101\004\076\004\062\004\074\004\065\004\101\004\102\004\075\004\076\004\065\000\040\004\070\004\101\004\077\004\076\004\073\004\114\004\067\004\076\004\062\004\060\004\075\004\070\004\065\000\040\004\104\004\060\004\071\004\073\004\076\004\062\000.}{}% 131
\BOOKMARK [2][-]{subsection.21.1}{\376\377\004\030\004\064\004\065\004\075\004\102\004\070\004\104\004\070\004\072\004\060\004\102\004\076\004\100\004\113\000\040\004\077\004\100\004\076\004\106\004\065\004\101\004\101\004\060}{section.21}% 132
\BOOKMARK [2][-]{subsection.21.2}{\376\377\004\044\004\103\004\075\004\072\004\106\004\070\004\117\000\040\000f\000o\000r\000k}{section.21}% 133
\BOOKMARK [2][-]{subsection.21.3}{\376\377\004\041\004\076\004\062\004\074\004\065\004\101\004\102\004\075\004\076\004\065\000\040\004\070\004\101\004\077\004\076\004\073\004\114\004\067\004\076\004\062\004\060\004\075\004\070\004\065\000\040\004\104\004\060\004\071\004\073\004\076\004\062}{section.21}% 134
\BOOKMARK [1][-]{section.22}{\376\377\004\043\004\077\004\100\004\060\004\062\004\073\004\065\004\075\004\070\004\065\000\040\004\077\004\100\004\076\004\106\004\065\004\101\004\101\004\060\004\074\004\070\000:\000\040\004\104\004\103\004\075\004\072\004\106\004\070\004\117\000\040\000e\000x\000i\000t\000\050\000\051\000,\000\040\004\104\004\103\004\075\004\072\004\106\004\070\004\070\000\040\000w\000a\000i\000t\000\050\000\051\000\040\004\070\000\040\000w\000a\000i\000t\000p\000i\000d\000\050\000\051\000.}{}% 135
\BOOKMARK [2][-]{subsection.22.1}{\376\377\004\044\004\103\004\075\004\072\004\106\004\070\004\070\000\040\000e\000x\000i\000t}{section.22}% 136
\BOOKMARK [2][-]{subsection.22.2}{\376\377\004\044\004\103\004\075\004\072\004\106\004\070\004\070\000\040\000w\000a\000i\000t\000\040\004\070\000\040\000w\000a\000i\000t\000p\000i\000d}{section.22}% 137
\BOOKMARK [1][-]{section.23}{\376\377\004\043\004\077\004\100\004\060\004\062\004\073\004\065\004\075\004\070\004\065\000\040\004\077\004\100\004\076\004\106\004\065\004\101\004\101\004\060\004\074\004\070\000:\000\040\004\101\004\065\004\074\004\065\004\071\004\101\004\102\004\062\004\076\000\040\004\104\004\103\004\075\004\072\004\106\004\070\004\071\000\040\000e\000x\000e\000c\000\050\000\051\000.}{}% 138
\BOOKMARK [1][-]{section.24}{\376\377\004\043\004\077\004\100\004\060\004\062\004\073\004\065\004\075\004\070\004\065\000\040\004\077\004\100\004\076\004\106\004\065\004\101\004\101\004\060\004\074\004\070\000:\000\040\004\070\004\067\004\074\004\065\004\075\004\065\004\075\004\070\004\065\000\040\004\070\004\064\004\065\004\075\004\102\004\070\004\104\004\070\004\072\004\060\004\102\004\076\004\100\004\076\004\062\000\040\004\077\004\076\004\073\004\114\004\067\004\076\004\062\004\060\004\102\004\065\004\073\004\117\000\040\004\070\000\040\004\063\004\100\004\103\004\077\004\077\004\113\000,\000\040\004\104\004\103\004\075\004\072\004\106\004\070\004\070\000\040\000s\000e\000t\000u\000i\000d\000\050\000\051\000,\000\040\000s\000e\000t\000g\000i\000d\000\050\000\051\000,\000\040\000s\000e\000t\000e\000u\000i\000d\000\050\000\051\000,\000\040\000s\000e\000t\000e\000g\000i\000d\000\050\000\051\000.}{}% 139
\BOOKMARK [2][-]{subsection.24.1}{\376\377\000\040\004\030\004\067\004\074\004\065\004\075\004\065\004\075\004\070\004\065\000\040\004\070\004\064\004\065\004\075\004\102\004\070\004\104\004\070\004\072\004\060\004\102\004\076\004\100\004\076\004\062\000\040\004\077\004\076\004\073\004\114\004\067\004\076\004\062\004\060\004\102\004\065\004\073\004\117\000\040\004\070\000\040\004\063\004\100\004\103\004\077\004\077\004\113}{section.24}% 140
\BOOKMARK [3][-]{subsubsection.24.1.1}{\376\377\000s\000e\000t\000u\000i\000d\000,\000\040\000s\000e\000t\000g\000i\000d}{subsection.24.1}% 141
\BOOKMARK [3][-]{subsubsection.24.1.2}{\376\377\000s\000e\000t\000e\000u\000i\000d\000,\000\040\000s\000e\000t\000e\000g\000i\000d}{subsection.24.1}% 142
\BOOKMARK [1][-]{section.25}{\376\377\004\043\004\077\004\100\004\060\004\062\004\073\004\065\004\075\004\070\004\065\000\040\004\077\004\100\004\076\004\106\004\065\004\101\004\101\004\060\004\074\004\070\000:\000\040\004\070\004\075\004\102\004\065\004\100\004\077\004\100\004\065\004\102\004\070\004\100\004\103\004\065\004\074\004\113\004\065\000\040\004\104\004\060\004\071\004\073\004\113\000,\000\040\004\104\004\103\004\075\004\072\004\106\004\070\004\117\000\040\000s\000y\000s\000t\000e\000m\000\050\000\051\000.}{}% 143
\BOOKMARK [1][-]{section.26}{\376\377\004\041\004\070\004\063\004\075\004\060\004\073\004\113\000:\000\040\004\072\004\076\004\075\004\106\004\065\004\077\004\106\004\070\004\117\000\040\004\101\004\070\004\063\004\075\004\060\004\073\004\076\004\062\000,\000\040\004\104\004\103\004\075\004\072\004\106\004\070\004\117\000\040\000s\000i\000g\000n\000a\000l\000\050\000\051\000,\000\040\004\075\004\065\004\075\004\060\004\064\004\065\004\066\004\075\004\113\004\065\000\040\004\101\004\070\004\063\004\075\004\060\004\073\004\113\000.}{}% 144
\BOOKMARK [1][-]{section.27}{\376\377\004\041\004\070\004\063\004\075\004\060\004\073\004\113\000:\000\040\004\077\004\100\004\065\004\100\004\062\004\060\004\075\004\075\004\113\004\065\000\040\004\101\004\070\004\101\004\102\004\065\004\074\004\075\004\113\004\065\000\040\004\062\004\113\004\067\004\076\004\062\004\113\000,\000\040\004\100\004\065\004\065\004\075\004\102\004\065\004\100\004\060\004\061\004\065\004\073\004\114\004\075\004\113\004\065\000\040\004\104\004\103\004\075\004\072\004\106\004\070\004\070\000.}{}% 145
\BOOKMARK [1][-]{section.28}{\376\377\004\041\004\070\004\063\004\075\004\060\004\073\004\113\000:\000\040\004\104\004\103\004\075\004\072\004\106\004\070\004\070\000\040\000k\000i\000l\000l\000\050\000\051\000,\000\040\000r\000a\000i\000s\000e\000\050\000\051\000,\000\040\000a\000l\000a\000r\000m\000\050\000\051\000,\000\040\000p\000a\000u\000s\000e\000\050\000\051\000.}{}% 146
\BOOKMARK [1][-]{section.29}{\376\377\004\041\004\070\004\063\004\075\004\060\004\073\004\113\000:\000\040\004\075\004\060\004\064\004\065\004\066\004\075\004\113\004\065\000\040\004\101\004\070\004\063\004\075\004\060\004\073\004\113\000,\000\040\004\102\004\065\004\100\004\074\004\070\004\075\004\076\004\073\004\076\004\063\004\070\004\117\000\040\004\070\000\040\004\101\004\065\004\074\004\060\004\075\004\102\004\070\004\072\004\060\000,\000\040\004\075\004\060\004\061\004\076\004\100\004\113\000\040\004\101\004\070\004\063\004\075\004\060\004\073\004\076\004\062\000.}{}% 147
\BOOKMARK [1][-]{section.30}{\376\377\004\041\004\070\004\063\004\075\004\060\004\073\004\113\000:\000\040\004\074\004\060\004\101\004\072\004\060\000\040\004\101\004\070\004\063\004\075\004\060\004\073\004\076\004\062\000\040\004\077\004\100\004\076\004\106\004\065\004\101\004\101\004\060\000\040\004\070\000\040\004\104\004\103\004\075\004\072\004\106\004\070\004\117\000\040\000s\000i\000g\000p\000r\000o\000c\000m\000a\000s\000k\000\050\000\051\000,\000\040\004\104\004\103\004\075\004\072\004\106\004\070\004\117\000\040\000s\000i\000g\000p\000e\000n\000d\000i\000n\000g\000\050\000\051\000,}{}% 148
\BOOKMARK [1][-]{section.31}{\376\377\004\041\004\070\004\063\004\075\004\060\004\073\004\113\000:\000\040\004\104\004\103\004\075\004\072\004\106\004\070\004\117\000\040\000s\000i\000g\000a\000c\000t\000i\000o\000n\000\050\000\051\000.}{}% 149
\BOOKMARK [1][-]{section.32}{\376\377\004\041\004\070\004\063\004\075\004\060\004\073\004\113\000:\000\040\004\104\004\103\004\075\004\072\004\106\004\070\004\117\000\040\000s\000i\000g\000s\000u\000s\000p\000e\000n\000d\000\050\000\051\000.}{}% 150
