This is pdfTeX, Version 3.14159265-2.6-1.40.21 (TeX Live 2020/Arch Linux) (preloaded format=pdflatex 2021.1.6)  17 JAN 2021 22:37
entering extended mode
 restricted \write18 enabled.
 file:line:error style messages enabled.
 %&-line parsing enabled.
**/home/n1k0np/univer/sys_prog/SP-PetrSU-2020/questions.tex
(/home/n1k0np/univer/sys_prog/SP-PetrSU-2020/questions.tex
LaTeX2e <2020-10-01> patch level 2
L3 programming layer <2020-12-03> xparse <2020-03-03> (/usr/share/texmf-dist/tex/latex/base/article.cls
Document Class: article 2020/04/10 v1.4m Standard LaTeX document class
(/usr/share/texmf-dist/tex/latex/base/size12.clo
File: size12.clo 2020/04/10 v1.4m Standard LaTeX file (size option)
)
\c@part=\count177
\c@section=\count178
\c@subsection=\count179
\c@subsubsection=\count180
\c@paragraph=\count181
\c@subparagraph=\count182
\c@figure=\count183
\c@table=\count184
\abovecaptionskip=\skip47
\belowcaptionskip=\skip48
\bibindent=\dimen138
) (/usr/share/texmf-dist/tex/latex/xcolor/xcolor.sty
Package: xcolor 2016/05/11 v2.12 LaTeX color extensions (UK)
 (/usr/share/texmf-dist/tex/latex/graphics-cfg/color.cfg
File: color.cfg 2016/01/02 v1.6 sample color configuration
)
Package xcolor Info: Driver file: pdftex.def on input line 225.
 (/usr/share/texmf-dist/tex/latex/graphics-def/pdftex.def
File: pdftex.def 2020/10/05 v1.2a Graphics/color driver for pdftex
)
Package xcolor Info: Model `cmy' substituted by `cmy0' on input line 1348.
Package xcolor Info: Model `hsb' substituted by `rgb' on input line 1352.
Package xcolor Info: Model `RGB' extended on input line 1364.
Package xcolor Info: Model `HTML' substituted by `rgb' on input line 1366.
Package xcolor Info: Model `Hsb' substituted by `hsb' on input line 1367.
Package xcolor Info: Model `tHsb' substituted by `hsb' on input line 1368.
Package xcolor Info: Model `HSB' substituted by `hsb' on input line 1369.
Package xcolor Info: Model `Gray' substituted by `gray' on input line 1370.
Package xcolor Info: Model `wave' substituted by `hsb' on input line 1371.
) (/usr/share/texmf-dist/tex/latex/listings/listings.sty (/usr/share/texmf-dist/tex/latex/graphics/keyval.sty
Package: keyval 2014/10/28 v1.15 key=value parser (DPC)
\KV@toks@=\toks15
)
\lst@mode=\count185
\lst@gtempboxa=\box47
\lst@token=\toks16
\lst@length=\count186
\lst@currlwidth=\dimen139
\lst@column=\count187
\lst@pos=\count188
\lst@lostspace=\dimen140
\lst@width=\dimen141
\lst@newlines=\count189
\lst@lineno=\count190
\lst@maxwidth=\dimen142
 (/usr/share/texmf-dist/tex/latex/listings/lstmisc.sty
File: lstmisc.sty 2020/03/24 1.8d (Carsten Heinz)
\c@lstnumber=\count191
\lst@skipnumbers=\count192
\lst@framebox=\box48
) (/usr/share/texmf-dist/tex/latex/listings/listings.cfg
File: listings.cfg 2020/03/24 1.8d listings configuration
))
Package: listings 2020/03/24 1.8d (Carsten Heinz)
 (/usr/share/texmf-dist/tex/generic/babel/babel.sty
Package: babel 2020/10/27 3.51 The Babel package
 (/usr/share/texmf-dist/tex/generic/babel/babel.def
File: babel.def 2020/10/27 3.51 Babel common definitions
\babel@savecnt=\count193
\U@D=\dimen143
\l@babelnohyphens=\language86
 (/usr/share/texmf-dist/tex/generic/babel/txtbabel.def)
\bbl@readstream=\read2
)
\bbl@dirlevel=\count194
 (/usr/share/texmf-dist/tex/generic/babel-english/english.ldf
Language: english 2017/06/06 v3.3r English support from the babel system
Package babel Info: \l@canadian = using hyphenrules for english
(babel)             (\language0) on input line 102.
Package babel Info: \l@australian = using hyphenrules for ukenglish
(babel)             (\language21) on input line 105.
Package babel Info: \l@newzealand = using hyphenrules for ukenglish
(babel)             (\language21) on input line 108.
) (/usr/share/texmf-dist/tex/generic/babel-russian/russianb.ldf
File: russianb.ldf 2020/10/16 1.3l Russian support for the Babel system
Language: russian 2020/09/09 1.3k Russian support for the Babel system


Package babel Warning: No Cyrillic font encoding has been loaded so far.
(babel)                A font encoding should be declared before babel.
(babel)                Default `T2A' encoding will be loaded  on input line 74.

(/usr/share/texmf-dist/tex/latex/cyrillic/t2aenc.def
File: t2aenc.def 2005/09/27 v1.0i Cyrillic encoding definition file
Now handling font encoding T2A ...
... processing UTF-8 mapping file for font encoding T2A
 (/usr/share/texmf-dist/tex/latex/base/t2aenc.dfu
File: t2aenc.dfu 2019/11/14 v1.2k UTF-8 support for inputenc
   defining Unicode char U+00A4 (decimal 164)
   defining Unicode char U+00A7 (decimal 167)
   defining Unicode char U+00AB (decimal 171)
   defining Unicode char U+00BB (decimal 187)
   defining Unicode char U+0131 (decimal 305)
   defining Unicode char U+0237 (decimal 567)
   defining Unicode char U+0400 (decimal 1024)
   defining Unicode char U+0401 (decimal 1025)
   defining Unicode char U+0402 (decimal 1026)
   defining Unicode char U+0403 (decimal 1027)
   defining Unicode char U+0404 (decimal 1028)
   defining Unicode char U+0405 (decimal 1029)
   defining Unicode char U+0406 (decimal 1030)
   defining Unicode char U+0407 (decimal 1031)
   defining Unicode char U+0408 (decimal 1032)
   defining Unicode char U+0409 (decimal 1033)
   defining Unicode char U+040A (decimal 1034)
   defining Unicode char U+040B (decimal 1035)
   defining Unicode char U+040C (decimal 1036)
   defining Unicode char U+040D (decimal 1037)
   defining Unicode char U+040E (decimal 1038)
   defining Unicode char U+040F (decimal 1039)
   defining Unicode char U+0410 (decimal 1040)
   defining Unicode char U+0411 (decimal 1041)
   defining Unicode char U+0412 (decimal 1042)
   defining Unicode char U+0413 (decimal 1043)
   defining Unicode char U+0414 (decimal 1044)
   defining Unicode char U+0415 (decimal 1045)
   defining Unicode char U+0416 (decimal 1046)
   defining Unicode char U+0417 (decimal 1047)
   defining Unicode char U+0418 (decimal 1048)
   defining Unicode char U+0419 (decimal 1049)
   defining Unicode char U+041A (decimal 1050)
   defining Unicode char U+041B (decimal 1051)
   defining Unicode char U+041C (decimal 1052)
   defining Unicode char U+041D (decimal 1053)
   defining Unicode char U+041E (decimal 1054)
   defining Unicode char U+041F (decimal 1055)
   defining Unicode char U+0420 (decimal 1056)
   defining Unicode char U+0421 (decimal 1057)
   defining Unicode char U+0422 (decimal 1058)
   defining Unicode char U+0423 (decimal 1059)
   defining Unicode char U+0424 (decimal 1060)
   defining Unicode char U+0425 (decimal 1061)
   defining Unicode char U+0426 (decimal 1062)
   defining Unicode char U+0427 (decimal 1063)
   defining Unicode char U+0428 (decimal 1064)
   defining Unicode char U+0429 (decimal 1065)
   defining Unicode char U+042A (decimal 1066)
   defining Unicode char U+042B (decimal 1067)
   defining Unicode char U+042C (decimal 1068)
   defining Unicode char U+042D (decimal 1069)
   defining Unicode char U+042E (decimal 1070)
   defining Unicode char U+042F (decimal 1071)
   defining Unicode char U+0430 (decimal 1072)
   defining Unicode char U+0431 (decimal 1073)
   defining Unicode char U+0432 (decimal 1074)
   defining Unicode char U+0433 (decimal 1075)
   defining Unicode char U+0434 (decimal 1076)
   defining Unicode char U+0435 (decimal 1077)
   defining Unicode char U+0436 (decimal 1078)
   defining Unicode char U+0437 (decimal 1079)
   defining Unicode char U+0438 (decimal 1080)
   defining Unicode char U+0439 (decimal 1081)
   defining Unicode char U+043A (decimal 1082)
   defining Unicode char U+043B (decimal 1083)
   defining Unicode char U+043C (decimal 1084)
   defining Unicode char U+043D (decimal 1085)
   defining Unicode char U+043E (decimal 1086)
   defining Unicode char U+043F (decimal 1087)
   defining Unicode char U+0440 (decimal 1088)
   defining Unicode char U+0441 (decimal 1089)
   defining Unicode char U+0442 (decimal 1090)
   defining Unicode char U+0443 (decimal 1091)
   defining Unicode char U+0444 (decimal 1092)
   defining Unicode char U+0445 (decimal 1093)
   defining Unicode char U+0446 (decimal 1094)
   defining Unicode char U+0447 (decimal 1095)
   defining Unicode char U+0448 (decimal 1096)
   defining Unicode char U+0449 (decimal 1097)
   defining Unicode char U+044A (decimal 1098)
   defining Unicode char U+044B (decimal 1099)
   defining Unicode char U+044C (decimal 1100)
   defining Unicode char U+044D (decimal 1101)
   defining Unicode char U+044E (decimal 1102)
   defining Unicode char U+044F (decimal 1103)
   defining Unicode char U+0450 (decimal 1104)
   defining Unicode char U+0451 (decimal 1105)
   defining Unicode char U+0452 (decimal 1106)
   defining Unicode char U+0453 (decimal 1107)
   defining Unicode char U+0454 (decimal 1108)
   defining Unicode char U+0455 (decimal 1109)
   defining Unicode char U+0456 (decimal 1110)
   defining Unicode char U+0457 (decimal 1111)
   defining Unicode char U+0458 (decimal 1112)
   defining Unicode char U+0459 (decimal 1113)
   defining Unicode char U+045A (decimal 1114)
   defining Unicode char U+045B (decimal 1115)
   defining Unicode char U+045C (decimal 1116)
   defining Unicode char U+045D (decimal 1117)
   defining Unicode char U+045E (decimal 1118)
   defining Unicode char U+045F (decimal 1119)
   defining Unicode char U+0490 (decimal 1168)
   defining Unicode char U+0491 (decimal 1169)
   defining Unicode char U+0492 (decimal 1170)
   defining Unicode char U+0493 (decimal 1171)
   defining Unicode char U+0496 (decimal 1174)
   defining Unicode char U+0497 (decimal 1175)
   defining Unicode char U+0498 (decimal 1176)
   defining Unicode char U+0499 (decimal 1177)
   defining Unicode char U+049A (decimal 1178)
   defining Unicode char U+049B (decimal 1179)
   defining Unicode char U+049C (decimal 1180)
   defining Unicode char U+049D (decimal 1181)
   defining Unicode char U+04A0 (decimal 1184)
   defining Unicode char U+04A1 (decimal 1185)
   defining Unicode char U+04A2 (decimal 1186)
   defining Unicode char U+04A3 (decimal 1187)
   defining Unicode char U+04A4 (decimal 1188)
   defining Unicode char U+04A5 (decimal 1189)
   defining Unicode char U+04AA (decimal 1194)
   defining Unicode char U+04AB (decimal 1195)
   defining Unicode char U+04AE (decimal 1198)
   defining Unicode char U+04AF (decimal 1199)
   defining Unicode char U+04B0 (decimal 1200)
   defining Unicode char U+04B1 (decimal 1201)
   defining Unicode char U+04B2 (decimal 1202)
   defining Unicode char U+04B3 (decimal 1203)
   defining Unicode char U+04B6 (decimal 1206)
   defining Unicode char U+04B7 (decimal 1207)
   defining Unicode char U+04B8 (decimal 1208)
   defining Unicode char U+04B9 (decimal 1209)
   defining Unicode char U+04BA (decimal 1210)
   defining Unicode char U+04BB (decimal 1211)
   defining Unicode char U+04C0 (decimal 1216)
   defining Unicode char U+04C1 (decimal 1217)
   defining Unicode char U+04C2 (decimal 1218)
   defining Unicode char U+04D0 (decimal 1232)
   defining Unicode char U+04D1 (decimal 1233)
   defining Unicode char U+04D2 (decimal 1234)
   defining Unicode char U+04D3 (decimal 1235)
   defining Unicode char U+04D4 (decimal 1236)
   defining Unicode char U+04D5 (decimal 1237)
   defining Unicode char U+04D6 (decimal 1238)
   defining Unicode char U+04D7 (decimal 1239)
   defining Unicode char U+04D8 (decimal 1240)
   defining Unicode char U+04D9 (decimal 1241)
   defining Unicode char U+04DA (decimal 1242)
   defining Unicode char U+04DB (decimal 1243)
   defining Unicode char U+04DC (decimal 1244)
   defining Unicode char U+04DD (decimal 1245)
   defining Unicode char U+04DE (decimal 1246)
   defining Unicode char U+04DF (decimal 1247)
   defining Unicode char U+04E2 (decimal 1250)
   defining Unicode char U+04E3 (decimal 1251)
   defining Unicode char U+04E4 (decimal 1252)
   defining Unicode char U+04E5 (decimal 1253)
   defining Unicode char U+04E6 (decimal 1254)
   defining Unicode char U+04E7 (decimal 1255)
   defining Unicode char U+04E8 (decimal 1256)
   defining Unicode char U+04E9 (decimal 1257)
   defining Unicode char U+04EC (decimal 1260)
   defining Unicode char U+04ED (decimal 1261)
   defining Unicode char U+04EE (decimal 1262)
   defining Unicode char U+04EF (decimal 1263)
   defining Unicode char U+04F0 (decimal 1264)
   defining Unicode char U+04F1 (decimal 1265)
   defining Unicode char U+04F2 (decimal 1266)
   defining Unicode char U+04F3 (decimal 1267)
   defining Unicode char U+04F4 (decimal 1268)
   defining Unicode char U+04F5 (decimal 1269)
   defining Unicode char U+04F8 (decimal 1272)
   defining Unicode char U+04F9 (decimal 1273)
   defining Unicode char U+200C (decimal 8204)
   defining Unicode char U+2013 (decimal 8211)
   defining Unicode char U+2014 (decimal 8212)
   defining Unicode char U+2018 (decimal 8216)
   defining Unicode char U+2019 (decimal 8217)
   defining Unicode char U+201C (decimal 8220)
   defining Unicode char U+201D (decimal 8221)
   defining Unicode char U+201E (decimal 8222)
   defining Unicode char U+2030 (decimal 8240)
   defining Unicode char U+2031 (decimal 8241)
   defining Unicode char U+2116 (decimal 8470)
   defining Unicode char U+2329 (decimal 9001)
   defining Unicode char U+232A (decimal 9002)
   defining Unicode char U+2423 (decimal 9251)
   defining Unicode char U+27E8 (decimal 10216)
   defining Unicode char U+27E9 (decimal 10217)
   defining Unicode char U+FB00 (decimal 64256)
   defining Unicode char U+FB01 (decimal 64257)
   defining Unicode char U+FB02 (decimal 64258)
   defining Unicode char U+FB03 (decimal 64259)
   defining Unicode char U+FB04 (decimal 64260)
   defining Unicode char U+FB05 (decimal 64261)
   defining Unicode char U+FB06 (decimal 64262)
))
Package babel Info: Making " an active character on input line 120.
Package babel Info: Default for \cyrdash is provided on input line 159.
)) (/usr/share/texmf-dist/tex/latex/graphics/graphicx.sty
Package: graphicx 2020/09/09 v1.2b Enhanced LaTeX Graphics (DPC,SPQR)
 (/usr/share/texmf-dist/tex/latex/graphics/graphics.sty
Package: graphics 2020/08/30 v1.4c Standard LaTeX Graphics (DPC,SPQR)
 (/usr/share/texmf-dist/tex/latex/graphics/trig.sty
Package: trig 2016/01/03 v1.10 sin cos tan (DPC)
) (/usr/share/texmf-dist/tex/latex/graphics-cfg/graphics.cfg
File: graphics.cfg 2016/06/04 v1.11 sample graphics configuration
)
Package graphics Info: Driver file: pdftex.def on input line 105.
)
\Gin@req@height=\dimen144
\Gin@req@width=\dimen145
) (/usr/share/texmf-dist/tex/latex/cancel/cancel.sty
Package: cancel 2013/04/12 v2.2 Cancel math terms
) (/usr/share/texmf-dist/tex/latex/hyperref/hyperref.sty
Package: hyperref 2020-05-15 v7.00e Hypertext links for LaTeX
 (/usr/share/texmf-dist/tex/generic/ltxcmds/ltxcmds.sty
Package: ltxcmds 2020-05-10 v1.25 LaTeX kernel commands for general use (HO)
) (/usr/share/texmf-dist/tex/generic/iftex/iftex.sty
Package: iftex 2020/03/06 v1.0d TeX engine tests
) (/usr/share/texmf-dist/tex/generic/pdftexcmds/pdftexcmds.sty
Package: pdftexcmds 2020-06-27 v0.33 Utility functions of pdfTeX for LuaTeX (HO)
 (/usr/share/texmf-dist/tex/generic/infwarerr/infwarerr.sty
Package: infwarerr 2019/12/03 v1.5 Providing info/warning/error messages (HO)
)
Package pdftexcmds Info: \pdf@primitive is available.
Package pdftexcmds Info: \pdf@ifprimitive is available.
Package pdftexcmds Info: \pdfdraftmode found.
) (/usr/share/texmf-dist/tex/generic/kvsetkeys/kvsetkeys.sty
Package: kvsetkeys 2019/12/15 v1.18 Key value parser (HO)
) (/usr/share/texmf-dist/tex/generic/kvdefinekeys/kvdefinekeys.sty
Package: kvdefinekeys 2019-12-19 v1.6 Define keys (HO)
) (/usr/share/texmf-dist/tex/generic/pdfescape/pdfescape.sty
Package: pdfescape 2019/12/09 v1.15 Implements pdfTeX's escape features (HO)
) (/usr/share/texmf-dist/tex/latex/hycolor/hycolor.sty
Package: hycolor 2020-01-27 v1.10 Color options for hyperref/bookmark (HO)
) (/usr/share/texmf-dist/tex/latex/letltxmacro/letltxmacro.sty
Package: letltxmacro 2019/12/03 v1.6 Let assignment for LaTeX macros (HO)
) (/usr/share/texmf-dist/tex/latex/auxhook/auxhook.sty
Package: auxhook 2019-12-17 v1.6 Hooks for auxiliary files (HO)
) (/usr/share/texmf-dist/tex/latex/kvoptions/kvoptions.sty
Package: kvoptions 2020-10-07 v3.14 Key value format for package options (HO)
)
\@linkdim=\dimen146
\Hy@linkcounter=\count195
\Hy@pagecounter=\count196
 (/usr/share/texmf-dist/tex/latex/hyperref/pd1enc.def
File: pd1enc.def 2020-05-15 v7.00e Hyperref: PDFDocEncoding definition (HO)
Now handling font encoding PD1 ...
... no UTF-8 mapping file for font encoding PD1
) (/usr/share/texmf-dist/tex/generic/intcalc/intcalc.sty
Package: intcalc 2019/12/15 v1.3 Expandable calculations with integers (HO)
) (/usr/share/texmf-dist/tex/generic/etexcmds/etexcmds.sty
Package: etexcmds 2019/12/15 v1.7 Avoid name clashes with e-TeX commands (HO)
)
\Hy@SavedSpaceFactor=\count197
Package hyperref Info: Option `unicode' set `true' on input line 3427.
 (/usr/share/texmf-dist/tex/latex/hyperref/puenc.def
File: puenc.def 2020-05-15 v7.00e Hyperref: PDF Unicode definition (HO)
Now handling font encoding PU ...
... no UTF-8 mapping file for font encoding PU
)
Package hyperref Info: Hyper figures OFF on input line 4464.
Package hyperref Info: Link nesting OFF on input line 4469.
Package hyperref Info: Hyper index ON on input line 4472.
Package hyperref Info: Plain pages OFF on input line 4479.
Package hyperref Info: Backreferencing OFF on input line 4484.
Package hyperref Info: Implicit mode ON; LaTeX internals redefined.
Package hyperref Info: Bookmarks ON on input line 4717.
\c@Hy@tempcnt=\count198
 (/usr/share/texmf-dist/tex/latex/url/url.sty
\Urlmuskip=\muskip16
Package: url 2013/09/16  ver 3.4  Verb mode for urls, etc.
)
LaTeX Info: Redefining \url on input line 5076.
\XeTeXLinkMargin=\dimen147
 (/usr/share/texmf-dist/tex/generic/bitset/bitset.sty
Package: bitset 2019/12/09 v1.3 Handle bit-vector datatype (HO)
 (/usr/share/texmf-dist/tex/generic/bigintcalc/bigintcalc.sty
Package: bigintcalc 2019/12/15 v1.5 Expandable calculations on big integers (HO)
))
\Fld@menulength=\count199
\Field@Width=\dimen148
\Fld@charsize=\dimen149
Package hyperref Info: Hyper figures OFF on input line 6347.
Package hyperref Info: Link nesting OFF on input line 6352.
Package hyperref Info: Hyper index ON on input line 6355.
Package hyperref Info: backreferencing OFF on input line 6362.
Package hyperref Info: Link coloring OFF on input line 6367.
Package hyperref Info: Link coloring with OCG OFF on input line 6372.
Package hyperref Info: PDF/A mode OFF on input line 6377.
LaTeX Info: Redefining \ref on input line 6417.
LaTeX Info: Redefining \pageref on input line 6421.
 (/usr/share/texmf-dist/tex/latex/base/atbegshi-ltx.sty
Package: atbegshi-ltx 2020/08/17 v1.0a Emulation of the original atbegshi package
with kernel methods
)
\Hy@abspage=\count266
\c@Item=\count267
\c@Hfootnote=\count268
)
Package hyperref Info: Driver (autodetected): hpdftex.
 (/usr/share/texmf-dist/tex/latex/hyperref/hpdftex.def
File: hpdftex.def 2020-05-15 v7.00e Hyperref driver for pdfTeX
 (/usr/share/texmf-dist/tex/latex/base/atveryend-ltx.sty
Package: atveryend-ltx 2020/08/19 v1.0a Emulation of the original atvery package
with kernel methods
)
\Fld@listcount=\count269
\c@bookmark@seq@number=\count270
 (/usr/share/texmf-dist/tex/latex/rerunfilecheck/rerunfilecheck.sty
Package: rerunfilecheck 2019/12/05 v1.9 Rerun checks for auxiliary files (HO)
 (/usr/share/texmf-dist/tex/generic/uniquecounter/uniquecounter.sty
Package: uniquecounter 2019/12/15 v1.4 Provide unlimited unique counter (HO)
)
Package uniquecounter Info: New unique counter `rerunfilecheck' on input line 286.
)
\Hy@SectionHShift=\skip49
) (/usr/share/texmf-dist/tex/latex/geometry/geometry.sty
Package: geometry 2020/01/02 v5.9 Page Geometry
 (/usr/share/texmf-dist/tex/generic/iftex/ifvtex.sty
Package: ifvtex 2019/10/25 v1.7 ifvtex legacy package. Use iftex instead.
)
\Gm@cnth=\count271
\Gm@cntv=\count272
\c@Gm@tempcnt=\count273
\Gm@bindingoffset=\dimen150
\Gm@wd@mp=\dimen151
\Gm@odd@mp=\dimen152
\Gm@even@mp=\dimen153
\Gm@layoutwidth=\dimen154
\Gm@layoutheight=\dimen155
\Gm@layouthoffset=\dimen156
\Gm@layoutvoffset=\dimen157
\Gm@dimlist=\toks17
)

Package hyperref Warning: Option `hyperfootnotes' has already been used,
(hyperref)                setting the option has no effect on input line 17.

Package hyperref Info: Option `colorlinks' set `true' on input line 17.
(/usr/share/texmf-dist/tex/latex/l3backend/l3backend-pdftex.def
File: l3backend-pdftex.def 2020-09-24 L3 backend support: PDF output (pdfTeX)
\l__kernel_color_stack_int=\count274
\l__pdf_internal_box=\box49
) (/home/n1k0np/univer/sys_prog/SP-PetrSU-2020/questions.aux
LaTeX Font Info:    Trying to load font information for T2A+cmr on input line 22.
 (/usr/share/texmf-dist/tex/latex/cyrillic/t2acmr.fd
File: t2acmr.fd 2001/08/11 v1.0a Computer Modern Cyrillic font definitions
))
LaTeX Font Info:    Checking defaults for OML/cmm/m/it on input line 51.
LaTeX Font Info:    ... okay on input line 51.
LaTeX Font Info:    Checking defaults for OMS/cmsy/m/n on input line 51.
LaTeX Font Info:    ... okay on input line 51.
LaTeX Font Info:    Checking defaults for OT1/cmr/m/n on input line 51.
LaTeX Font Info:    ... okay on input line 51.
LaTeX Font Info:    Checking defaults for T1/cmr/m/n on input line 51.
LaTeX Font Info:    ... okay on input line 51.
LaTeX Font Info:    Checking defaults for TS1/cmr/m/n on input line 51.
LaTeX Font Info:    ... okay on input line 51.
LaTeX Font Info:    Checking defaults for OMX/cmex/m/n on input line 51.
LaTeX Font Info:    ... okay on input line 51.
LaTeX Font Info:    Checking defaults for U/cmr/m/n on input line 51.
LaTeX Font Info:    ... okay on input line 51.
LaTeX Font Info:    Checking defaults for T2A/cmr/m/n on input line 51.
LaTeX Font Info:    ... okay on input line 51.
LaTeX Font Info:    Checking defaults for PD1/pdf/m/n on input line 51.
LaTeX Font Info:    ... okay on input line 51.
LaTeX Font Info:    Checking defaults for PU/pdf/m/n on input line 51.
LaTeX Font Info:    ... okay on input line 51.
 (/usr/share/texmf-dist/tex/context/base/mkii/supp-pdf.mkii
[Loading MPS to PDF converter (version 2006.09.02).]
\scratchcounter=\count275
\scratchdimen=\dimen158
\scratchbox=\box50
\nofMPsegments=\count276
\nofMParguments=\count277
\everyMPshowfont=\toks18
\MPscratchCnt=\count278
\MPscratchDim=\dimen159
\MPnumerator=\count279
\makeMPintoPDFobject=\count280
\everyMPtoPDFconversion=\toks19
) (/usr/share/texmf-dist/tex/latex/epstopdf-pkg/epstopdf-base.sty
Package: epstopdf-base 2020-01-24 v2.11 Base part for package epstopdf
Package epstopdf-base Info: Redefining graphics rule for `.eps' on input line 485.
 (/usr/share/texmf-dist/tex/latex/latexconfig/epstopdf-sys.cfg
File: epstopdf-sys.cfg 2010/07/13 v1.3 Configuration of (r)epstopdf for TeX Live
))
\c@lstlisting=\count281
LaTeX Info: Redefining \th on input line 51.
Package hyperref Info: Link coloring ON on input line 51.
 (/usr/share/texmf-dist/tex/latex/hyperref/nameref.sty
Package: nameref 2019/09/16 v2.46 Cross-referencing by name of section
 (/usr/share/texmf-dist/tex/latex/refcount/refcount.sty
Package: refcount 2019/12/15 v3.6 Data extraction from label references (HO)
) (/usr/share/texmf-dist/tex/generic/gettitlestring/gettitlestring.sty
Package: gettitlestring 2019/12/15 v1.6 Cleanup title references (HO)
)
\c@section@level=\count282
)
LaTeX Info: Redefining \ref on input line 51.
LaTeX Info: Redefining \pageref on input line 51.
LaTeX Info: Redefining \nameref on input line 51.
 (/home/n1k0np/univer/sys_prog/SP-PetrSU-2020/questions.out) (/home/n1k0np/univer/sys_prog/SP-PetrSU-2020/questions.out)
\@outlinefile=\write3

*geometry* driver: auto-detecting
*geometry* detected driver: pdftex
*geometry* verbose mode - [ preamble ] result:
* driver: pdftex
* paper: <default>
* layout: <same size as paper>
* layoutoffset:(h,v)=(0.0pt,0.0pt)
* modes: 
* h-part:(L,W,R)=(92.14519pt, 430.00462pt, 92.14519pt)
* v-part:(T,H,B)=(95.39737pt, 619.57262pt, 80.0pt)
* \paperwidth=614.295pt
* \paperheight=794.96999pt
* \textwidth=430.00462pt
* \textheight=619.57262pt
* \oddsidemargin=19.8752pt
* \evensidemargin=19.8752pt
* \topmargin=-13.87262pt
* \headheight=12.0pt
* \headsep=25.0pt
* \topskip=12.0pt
* \footskip=50.0pt
* \marginparwidth=44.0pt
* \marginparsep=10.0pt
* \columnsep=10.0pt
* \skip\footins=10.8pt plus 4.0pt minus 2.0pt
* \hoffset=0.0pt
* \voffset=0.0pt
* \mag=1000
* \@twocolumnfalse
* \@twosidefalse
* \@mparswitchfalse
* \@reversemarginfalse
* (1in=72.27pt=25.4mm, 1cm=28.453pt)

(/home/n1k0np/univer/sys_prog/SP-PetrSU-2020/questions.toc
LaTeX Font Info:    External font `cmex10' loaded for size
(Font)              <12> on input line 3.
LaTeX Font Info:    External font `cmex10' loaded for size
(Font)              <8> on input line 3.
LaTeX Font Info:    External font `cmex10' loaded for size
(Font)              <6> on input line 3.
 [1

{/var/lib/texmf/fonts/map/pdftex/updmap/pdftex.map}] [2]
Overfull \hbox (10.38786pt too wide) in paragraph at lines 75--75
 [] [][][]\T2A/cmr/bx/n/12 Файловый ввод-вывод: функ-ции sync(), fsync(), fdatasync(), fcntl(), 
 []


Overfull \hbox (6.2472pt too wide) in paragraph at lines 85--85
 [] [][][]\T2A/cmr/bx/n/12 Файлы и ка-та-ло-ги: функ-ции chmod(), fchmod(), chown(), fchown(), 
 []

[3]
Overfull \hbox (4.7752pt too wide) in paragraph at lines 124--124
 [] [][][]\T2A/cmr/bx/n/12 Стандартная биб-лио-те-ка ввода-вывода: эф-фек-тив-ность стан-дарт- 
 []

[4]
Overfull \hbox (23.1388pt too wide) in paragraph at lines 132--132
 [] [][][]\T2A/cmr/bx/n/12 Управление про-цес-са-ми: иден-ти-фи-ка-то-ры про-цес-са, функ-ция fork(), 
 []


Overfull \hbox (24.27469pt too wide) in paragraph at lines 136--136
 [] [][][]\T2A/cmr/bx/n/12 Управление про-цес-са-ми: функ-ция exit(), функ-ции wait() и waitpid().[][] []  
 []


Overfull \hbox (41.39958pt too wide) in paragraph at lines 141--141
 [] [][][]\T2A/cmr/bx/n/12 Управление про-цес-са-ми: ин-тер-пре-ти-ру-е-мые фай-лы, функ-ция system().[][] []  
 []


Overfull \hbox (7.32317pt too wide) in paragraph at lines 143--143
 [] [][][]\T2A/cmr/bx/n/12 Сигналы: пре-рван-ные си-стем-ные вы-зо-вы, ре-ен-те-ра-бель-ные функ- 
 []

)
\tf@toc=\write4
 [5]
Overfull \hbox (3.16548pt too wide) in paragraph at lines 70--71
\T2A/cmr/m/n/12 Операционная си-сте-ма (ОС) -- это про-грамм-ное обес-пе-че-ние (ПО), ко-то-рое управ-
 []

<./images//unix.png, id=797, 266.9975pt x 265.99374pt>
File: ./images//unix.png Graphic file (type png)
<use ./images//unix.png>
Package pdftex.def Info: ./images//unix.png  used on input line 80.
(pdftex.def)             Requested size: 186.89696pt x 186.19434pt.
[6]
LaTeX Font Info:    Trying to load font information for T2A+cmtt on input line 82.
 (/usr/share/texmf-dist/tex/latex/cyrillic/t2acmtt.fd
File: t2acmtt.fd 2001/08/11 v1.0a Computer Modern Cyrillic font definitions
)
Underfull \hbox (badness 10000) in paragraph at lines 82--87

 []

[7 </home/n1k0np/univer/sys_prog/SP-PetrSU-2020/./images//unix.png>]
Overfull \hbox (10.91486pt too wide) in paragraph at lines 92--94
\T2A/cmr/m/n/12 Для по-лу-че-ния ат-ри-бу-тов фай-ла ис-поль-зу-ют-ся функ-ции [][][][][][] и [][][][][][]. 
 []

[8]
Underfull \hbox (badness 10000) in paragraph at lines 109--112

 []


Overfull \hbox (4.83453pt too wide) in paragraph at lines 114--117
\T2A/cmr/m/n/12 Небуферизованный ввод-вывод осу-ществ-ля-ет-ся функ-ци-я-ми [][][][][][], [][][][][][], [][][][][][],
 []


Overfull \hbox (94.45233pt too wide) in paragraph at lines 114--117
\T2A/cmr/m/n/12 Константы [][][][][][] и [][][][][][], опре-де-лен-ные в фай-ле [][][][][][],устанавливают
 []


Overfull \hbox (2.19196pt too wide) in paragraph at lines 118--121
\T2A/cmr/m/n/12 Стандартные функ-ции ввода-вывода предо-став-ля-ют бу-фе-ри-зо-ван-ный ин-тер-фейс
 []


Overfull \hbox (8.71387pt too wide) in paragraph at lines 118--121
\T2A/cmr/m/n/12 к функ-ци-ям небу-фе-ри-зо-ван-но-го ввода-вывода. Ис-поль-зо-ва-ние стан-дарт-ных функ-
 []

[9]
Underfull \hbox (badness 10000) in paragraph at lines 141--145

 []

[10]
Overfull \hbox (1.32982pt too wide) in paragraph at lines 156--159
\T2A/cmr/m/n/12 Пользователь с иден-ти-фи-ка-то-ром [][][][][][] на-зы-ва-ет-ся су-пер-поль-зо-ва-те-лем, или [][][][][][].
 []

[11] [12]
Overfull \hbox (22.26682pt too wide) in paragraph at lines 179--180
\T2A/cmr/m/n/12 ме-ря-ет ре-сур-сы цен-траль-но-го про-цес-со-ра, ис-поль-зо-ван-ные про-цес-сом.Значения
 []


Underfull \hbox (badness 10000) in paragraph at lines 190--195

 []

[13]
Overfull \hbox (47.05453pt too wide) in paragraph at lines 196--196
\T2A/cmr/bx/n/17.28 ISO C, пре-де-лы POSIX, функ-ции sysconf(), pathconf()
 []


Overfull \hbox (12.09618pt too wide) in paragraph at lines 196--196
\T2A/cmr/bx/n/17.28 и fpathconf(), эле-мен-тар-ные си-стем-ные ти-пы дан-
 []


Underfull \hbox (badness 10000) in paragraph at lines 199--202

 []

[14]
Overfull \hbox (2.68973pt too wide) in paragraph at lines 229--232
\T2A/cmr/m/n/12 of Electrical and Electronics Engineers). POSIX (Portable Operating System Interface
 []


Underfull \hbox (badness 10000) in paragraph at lines 229--232

 []


Overfull \hbox (21.7496pt too wide) in paragraph at lines 233--235
\T2A/cmr/m/n/12 воз-мож-но-сти, предо-став-ля-е-мые ба-зо-вой спе-ци-фи-ка-ци-ей POSIX.1. Стан-дарт POSIX.1
 []


Underfull \hbox (badness 10000) in paragraph at lines 233--235

 []

[15]
Underfull \hbox (badness 10000) in paragraph at lines 239--240

 []

[16]
Underfull \hbox (badness 10000) in paragraph at lines 265--266

 []

[17] (/usr/share/texmf-dist/tex/latex/listings/lstlang1.sty
File: lstlang1.sty 2020/03/24 1.8d listings language file
) (/usr/share/texmf-dist/tex/latex/listings/lstmisc.sty
File: lstmisc.sty 2020/03/24 1.8d (Carsten Heinz)
)
Underfull \hbox (badness 10000) in paragraph at lines 277--279

 []

[18]
Underfull \hbox (badness 10000) in paragraph at lines 311--313

 []


Overfull \hbox (33.15596pt too wide) in paragraph at lines 337--337
[]\T2A/cmr/bx/n/17.28 Файловый ввод-вывод: де-скрип-то-ры фай-лов, функ-
 []

[19]
Underfull \hbox (badness 10000) in paragraph at lines 340--343

 []


Overfull \hbox (2.68147pt too wide) in paragraph at lines 344--345
\T2A/cmr/m/n/12 Файл со-зда-ет-ся (ес-ли не су-ще-ству-ет) или от-кры-ва-ет-ся функ-ци-ей open или openat. 
 []

[20] [21] [22]
<./images//Screenshot_20210116_190514.png, id=940, 546.54187pt x 500.62032pt>
File: ./images//Screenshot_20210116_190514.png Graphic file (type png)
<use ./images//Screenshot_20210116_190514.png>
Package pdftex.def Info: ./images//Screenshot_20210116_190514.png  used on input line 442.
(pdftex.def)             Requested size: 300.59895pt x 275.34203pt.
 [23 </home/n1k0np/univer/sys_prog/SP-PetrSU-2020/./images//Screenshot_20210116_190514.png (PNG copy)>]
Overfull \hbox (13.80716pt too wide) in paragraph at lines 446--446
\T2A/cmr/bx/n/17.28 ние фай-лов, ато-мар-ные опе-ра-ции, функ-ции dup()
 []


Overfull \hbox (1.37875pt too wide) in paragraph at lines 462--463
[]\T2A/cmr/m/n/12 Каждому от-кры-то-му фай-лу (или устрой-ству) со-от-вет-ству-ет струк-ту-ра вир-
 []

<./images//Screenshot_20210116_194350.png, id=963, 923.70094pt x 628.59843pt>
File: ./images//Screenshot_20210116_194350.png Graphic file (type png)
<use ./images//Screenshot_20210116_194350.png>
Package pdftex.def Info: ./images//Screenshot_20210116_194350.png  used on input line 466.
(pdftex.def)             Requested size: 461.84935pt x 314.29845pt.

Overfull \hbox (31.84473pt too wide) in paragraph at lines 464--468
[] 
 []


Underfull \hbox (badness 10000) in paragraph at lines 464--468

 []

[24] [25 </home/n1k0np/univer/sys_prog/SP-PetrSU-2020/./images//Screenshot_20210116_194350.png (PNG copy)>]
Underfull \hbox (badness 10000) in paragraph at lines 485--486

 []

[26]
Underfull \hbox (badness 10000) in paragraph at lines 509--513

 []


Overfull \hbox (20.5146pt too wide) in paragraph at lines 523--524
[]\T2A/cmr/m/n/12 Получение/установка фла-гов со-сто-я-ния фай-ла (cmd = [][][][][][] или [][][][][][]) 
 []

[27]
Overfull \hbox (14.61287pt too wide) in paragraph at lines 535--537
\T2A/cmr/m/n/12 В неко-то-рых си-сте-мах име-ют-ся фай-лы [][][][][][], [][][][][][] и [][][][][][],
 []


Overfull \hbox (21.13913pt too wide) in paragraph at lines 538--538
[]\T2A/cmr/bx/n/17.28 Файлы и ка-та-ло-ги: функ-ции stat(), fstat(), lstat(),
 []


Underfull \hbox (badness 10000) in paragraph at lines 549--552

 []

[28]
Underfull \hbox (badness 10000) in paragraph at lines 576--577

 []


Overfull \hbox (11.98802pt too wide) in paragraph at lines 581--582
\T2A/cmr/m/n/12 бу-фе-ри-зо-ван-ный ввод/-вы-вод фик-си-ро-ван-ны-ми бло-ка-ми для та-ких устройств,
 []

[29]
Underfull \hbox (badness 10000) in paragraph at lines 587--588

 []

[30]
Overfull \hbox (6.32777pt too wide) in paragraph at lines 631--631
[]\T2A/cmr/bx/n/17.28 Файлы и ка-та-ло-ги: функ-ции chmod(), fchmod(),
 []


Overfull \hbox (8.56445pt too wide) in paragraph at lines 649--649
[]\T2A/cmr/bx/n/17.28 Файлы и ка-та-ло-ги: раз-мер фай-ла, дыр-ки в фай-
 []


Overfull \hbox (16.72696pt too wide) in paragraph at lines 649--649
\T2A/cmr/bx/n/17.28 лах, усе-че-ние фай-лов, фай-ло-вые си-сте-мы, функ-
 []

[31]
<./images//Screenshot_20210117_193251.png, id=1066, 917.67844pt x 547.2947pt>
File: ./images//Screenshot_20210117_193251.png Graphic file (type png)
<use ./images//Screenshot_20210117_193251.png>
Package pdftex.def Info: ./images//Screenshot_20210117_193251.png  used on input line 668.
(pdftex.def)             Requested size: 458.83809pt x 273.64667pt.
<./images//Screenshot_20210117_193352.png, id=1067, 953.81343pt x 387.69844pt>
File: ./images//Screenshot_20210117_193352.png Graphic file (type png)
<use ./images//Screenshot_20210117_193352.png>
Package pdftex.def Info: ./images//Screenshot_20210117_193352.png  used on input line 669.
(pdftex.def)             Requested size: 476.90555pt x 193.84874pt.

Overfull \hbox (28.83347pt too wide) in paragraph at lines 668--670
[]
 []


Overfull \hbox (46.90092pt too wide) in paragraph at lines 668--670
[] 
 []

[32] [33 </home/n1k0np/univer/sys_prog/SP-PetrSU-2020/./images//Screenshot_20210117_193251.png (PNG copy)> </home/n1k0np/univer/sys_prog/SP-PetrSU-2020/./images//Screenshot_20210117_193352.png (PNG copy)>]
Overfull \hbox (12.0765pt too wide) in paragraph at lines 682--683
\T2A/cmr/m/n/12 ции [][][][][][]. Для фай-лов функ-ция remove аб-со-лют-но иден-тич-на функ-ции [][][][][][],
 []


Overfull \hbox (21.67648pt too wide) in paragraph at lines 694--694
[]\T2A/cmr/bx/n/17.28 Файлы и ка-та-ло-ги: сим-во-ли-че-ские ссыл-ки, функ-
 []


Underfull \hbox (badness 10000) in paragraph at lines 696--697

 []


Overfull \hbox (45.78006pt too wide) in paragraph at lines 701--704
\T2A/cmr/m/n/12 Пусть сим-во-ли-че-ская ссыл-ка [][][][][][] на это файл раз-ме-ще-на в [][][][][][],
 []


Overfull \hbox (44.22488pt too wide) in paragraph at lines 701--704
\T2A/cmr/m/n/12 то-гда путь [][][][][][] ссы-ла-ет-ся на путь [][][][][][] 
 []


Underfull \hbox (badness 10000) in paragraph at lines 701--704

 []

[34]
Underfull \hbox (badness 10000) in paragraph at lines 719--720

 []


Overfull \hbox (53.47897pt too wide) in paragraph at lines 739--739
\T2A/cmr/bx/n/17.28 чте-ние ка-та-ло-гов, функ-ции chdir(), fchdir(), getcwd(). 
 []

[35] [36]
Underfull \hbox (badness 10000) in paragraph at lines 774--776

 []


Underfull \hbox (badness 10000) in paragraph at lines 780--782

 []

[37]
Overfull \hbox (2.65396pt too wide) in paragraph at lines 788--788
[]\T2A/cmr/bx/n/17.28 Стандартная биб-лио-те-ка ввода-вывода: от-кры-
 []

[38]
Underfull \hbox (badness 10000) in paragraph at lines 839--840

 []

[39]
Overfull \hbox (6.42928pt too wide) in paragraph at lines 864--864
[]\T2A/cmr/bx/n/17.28 Стандартная биб-лио-те-ка ввода-вывода: эф-фек-
 []


Overfull \hbox (1.0928pt too wide) in paragraph at lines 864--864
\T2A/cmr/bx/n/17.28 тив-ность стан-дарт-ных опе-ра-ций ввода-вывода,
 []

[40]
Overfull \hbox (0.8975pt too wide) in paragraph at lines 890--890
\T2A/cmr/bx/n/17.28 ма-ти-ро-ван-ный вы-вод, фор-ма-ти-ро-ван-ный ввод,
 []

[41]
Overfull \hbox (4.75339pt too wide) in paragraph at lines 919--919
[]\T2A/cmr/bx/n/17.28 Управление про-цес-са-ми: иден-ти-фи-ка-то-ры про-
 []


Overfull \hbox (1.04573pt too wide) in paragraph at lines 921--925
\T2A/cmr/m/n/12 Любой про-цесс об-ла-да-ет уни-каль-ным иден-ти-фи-ка-то-ром про-цес-са, ко-то-рый пред-
 []


Underfull \hbox (badness 10000) in paragraph at lines 921--925

 []

[42]
Overfull \hbox (5.24878pt too wide) in paragraph at lines 938--938
[]\T2A/cmr/bx/n/17.28 Управление про-цес-са-ми: функ-ция exit(), функ-
 []

[43]
Overfull \hbox (1.09094pt too wide) in paragraph at lines 964--964
[]\T2A/cmr/bx/n/17.28 Управление про-цес-са-ми: из-ме-не-ние иден-ти-фи-
 []


Overfull \hbox (30.08873pt too wide) in paragraph at lines 964--964
\T2A/cmr/bx/n/17.28 ка-то-ров поль-зо-ва-те-ля и груп-пы, функ-ции setuid(),
 []


Overfull \hbox (23.37463pt too wide) in paragraph at lines 965--965
[]\T2A/cmr/bx/n/17.28 Управление про-цес-са-ми: ин-тер-пре-ти-ру-е-мые фай-
 []


Overfull \hbox (16.18477pt too wide) in paragraph at lines 966--966
[]\T2A/cmr/bx/n/17.28 Сигналы: кон-цеп-ция сиг-на-лов, функ-ция signal(),
 []


Overfull \hbox (19.3112pt too wide) in paragraph at lines 968--968
[]\T2A/cmr/bx/n/17.28 Сигналы: функ-ции kill(), raise(), alarm(), pause(). 
 []

[44] [45] (/home/n1k0np/univer/sys_prog/SP-PetrSU-2020/questions.aux)
Package rerunfilecheck Info: File `questions.out' has not changed.
(rerunfilecheck)             Checksum: 9833A1E3619910F044B82E6722673BF1;43714.
 ) 
Here is how much of TeX's memory you used:
 13291 strings out of 479383
 185582 string characters out of 5875831
 870496 words of memory out of 5000000
 29793 multiletter control sequences out of 15000+600000
 414489 words of font info for 48 fonts, out of 8000000 for 9000
 1141 hyphenation exceptions out of 8191
 66i,6n,72p,1139b,1902s stack positions out of 5000i,500n,10000p,200000b,80000s
{/usr/share/texmf-dist/fonts/enc/dvips/cm-super/cm-super-ts1.enc}{/usr/share/texmf-dist/fonts/enc/dvips/cm-super/cm-super-t2a.enc}</usr/share/texmf-dist/fonts/type1/public/amsfonts/cm/cmmi12.pfb></usr/share/texmf-dist/fonts/type1/public/cm-super/sfbx1200.pfb></usr/share/texmf-dist/fonts/type1/public/cm-super/sfbx1440.pfb></usr/share/texmf-dist/fonts/type1/public/cm-super/sfbx1728.pfb></usr/share/texmf-dist/fonts/type1/public/cm-super/sfrm0600.pfb></usr/share/texmf-dist/fonts/type1/public/cm-super/sfrm1000.pfb></usr/share/texmf-dist/fonts/type1/public/cm-super/sfrm1200.pfb></usr/share/texmf-dist/fonts/type1/public/cm-super/sfti1200.pfb></usr/share/texmf-dist/fonts/type1/public/cm-super/sftt1200.pfb>
Output written on /home/n1k0np/univer/sys_prog/SP-PetrSU-2020/questions.pdf (45 pages, 761764 bytes).
PDF statistics:
 1379 PDF objects out of 1440 (max. 8388607)
 1303 compressed objects within 14 object streams
 455 named destinations out of 1000 (max. 500000)
 1202 words of extra memory for PDF output out of 10000 (max. 10000000)

